[Thu Apr 14 17:05:43 2022] running mktexlsr
[Thu Apr 14 17:05:44 2022] success, output:
mktexlsr: Updating C:/Users/marce/AppData/Roaming/TinyTeX/texmf-local/ls-R...
mktexlsr: Updated C:/Users/marce/AppData/Roaming/TinyTeX/texmf-local/ls-R.
mktexlsr: Updating C:/Users/marce/AppData/Roaming/TinyTeX/texmf-config/ls-R...
mktexlsr: Updated C:/Users/marce/AppData/Roaming/TinyTeX/texmf-config/ls-R.
mktexlsr: Updating C:/Users/marce/AppData/Roaming/TinyTeX/texmf-var/ls-R...
mktexlsr: Updated C:/Users/marce/AppData/Roaming/TinyTeX/texmf-var/ls-R.
mktexlsr: Updating C:/Users/marce/AppData/Roaming/TinyTeX/texmf-dist/ls-R...
mktexlsr: Updated C:/Users/marce/AppData/Roaming/TinyTeX/texmf-dist/ls-R.
mktexlsr: Done.
--end of output of mktexlsr.

[Thu Apr 14 17:05:44 2022] running updmap-sys
[Thu Apr 14 17:05:46 2022] success, output:
updmap will read the following updmap.cfg files (in precedence order):
  c:/users/marce/appdata/roaming/tinytex/texmf-dist/web2c/updmap.cfg
updmap may write changes to the following updmap.cfg file:
  c:/users/marce/appdata/roaming/tinytex/texmf-config/web2c/updmap.cfg
dvips output dir: "c:/users/marce/appdata/roaming/tinytex/texmf-var/fonts/map/dvips/updmap"
pdftex output dir: "c:/users/marce/appdata/roaming/tinytex/texmf-var/fonts/map/pdftex/updmap"
dvipdfmx output dir: "c:/users/marce/appdata/roaming/tinytex/texmf-var/fonts/map/dvipdfmx/updmap"

updmap is creating new map files
using the following configuration:
  LW35 font names                  : URWkb (c:/users/marce/appdata/roaming/tinytex/texmf-dist/web2c/updmap.cfg)
  prefer outlines                  : true (c:/users/marce/appdata/roaming/tinytex/texmf-dist/web2c/updmap.cfg)
  texhash enabled                  : true
  download standard fonts (dvips)  : true (c:/users/marce/appdata/roaming/tinytex/texmf-dist/web2c/updmap.cfg)
  download standard fonts (pdftex) : true (c:/users/marce/appdata/roaming/tinytex/texmf-dist/web2c/updmap.cfg)
  jaEmbed replacement string       : haranoaji (c:/users/marce/appdata/roaming/tinytex/texmf-dist/web2c/updmap.cfg)
  jaVariant replacement string     : -04 (c:/users/marce/appdata/roaming/tinytex/texmf-dist/web2c/updmap.cfg)
  scEmbed replacement string       : arphic (c:/users/marce/appdata/roaming/tinytex/texmf-dist/web2c/updmap.cfg)
  tcEmbed replacement string       : arphic (c:/users/marce/appdata/roaming/tinytex/texmf-dist/web2c/updmap.cfg)
  koEmbed replacement string       : baekmuk (c:/users/marce/appdata/roaming/tinytex/texmf-dist/web2c/updmap.cfg)
  create a mapfile for pxdvi       : false (default)

Scanning for LW35 support files  [  3 files]
Scanning for MixedMap entries    [  7 files]
Scanning for KanjiMap entries    [  0 files]
Scanning for Map entries         [ 14 files]

Generating output for dvipdfmx...
Generating output for ps2pk...
Generating output for dvips...
Generating output for pdftex...

Files generated:
  c:/users/marce/appdata/roaming/tinytex/texmf-var/fonts/map/dvips/updmap:
       16083 2022-04-14 17:05:45 builtin35.map
       21557 2022-04-14 17:05:45 download35.map
       88195 2022-04-14 17:05:45 psfonts_pk.map
       94580 2022-04-14 17:05:45 psfonts_t1.map
       94575 2022-04-14 17:05:45 ps2pk.map
       94580 2022-04-14 17:05:45 psfonts.map = psfonts_t1.map
  c:/users/marce/appdata/roaming/tinytex/texmf-var/fonts/map/pdftex/updmap:
       94582 2022-04-14 17:05:45 pdftex_dl14.map
       92917 2022-04-14 17:05:45 pdftex_ndl14.map
       94582 2022-04-14 17:05:45 pdftex.map = pdftex_dl14.map
  c:/users/marce/appdata/roaming/tinytex/texmf-var/fonts/map/dvipdfmx/updmap:
         355 2022-04-14 17:05:45 kanjix.map

Transcript written on "c:/users/marce/appdata/roaming/tinytex/texmf-var/web2c/updmap.log".
updmap: Updating ls-R files.
--end of output of updmap-sys.

[Tue Apr 19 09:53:59 2022] running mktexlsr
[Tue Apr 19 09:54:00 2022] success, output:
mktexlsr: Updating C:/Users/marce/AppData/Roaming/TinyTeX/texmf-local/ls-R...
mktexlsr: Updated C:/Users/marce/AppData/Roaming/TinyTeX/texmf-local/ls-R.
mktexlsr: Updating C:/Users/marce/AppData/Roaming/TinyTeX/texmf-config/ls-R...
mktexlsr: Updated C:/Users/marce/AppData/Roaming/TinyTeX/texmf-config/ls-R.
mktexlsr: Updating C:/Users/marce/AppData/Roaming/TinyTeX/texmf-var/ls-R...
mktexlsr: Updated C:/Users/marce/AppData/Roaming/TinyTeX/texmf-var/ls-R.
mktexlsr: Updating C:/Users/marce/AppData/Roaming/TinyTeX/texmf-dist/ls-R...
mktexlsr: Updated C:/Users/marce/AppData/Roaming/TinyTeX/texmf-dist/ls-R.
mktexlsr: Done.
--end of output of mktexlsr.

[Tue Apr 19 09:54:00 2022] running updmap-sys
[Tue Apr 19 09:54:02 2022] success, output:
updmap will read the following updmap.cfg files (in precedence order):
  c:/users/marce/appdata/roaming/tinytex/texmf-dist/web2c/updmap.cfg
updmap may write changes to the following updmap.cfg file:
  c:/users/marce/appdata/roaming/tinytex/texmf-config/web2c/updmap.cfg
dvips output dir: "c:/users/marce/appdata/roaming/tinytex/texmf-var/fonts/map/dvips/updmap"
pdftex output dir: "c:/users/marce/appdata/roaming/tinytex/texmf-var/fonts/map/pdftex/updmap"
dvipdfmx output dir: "c:/users/marce/appdata/roaming/tinytex/texmf-var/fonts/map/dvipdfmx/updmap"

updmap is creating new map files
using the following configuration:
  LW35 font names                  : URWkb (c:/users/marce/appdata/roaming/tinytex/texmf-dist/web2c/updmap.cfg)
  prefer outlines                  : true (c:/users/marce/appdata/roaming/tinytex/texmf-dist/web2c/updmap.cfg)
  texhash enabled                  : true
  download standard fonts (dvips)  : true (c:/users/marce/appdata/roaming/tinytex/texmf-dist/web2c/updmap.cfg)
  download standard fonts (pdftex) : true (c:/users/marce/appdata/roaming/tinytex/texmf-dist/web2c/updmap.cfg)
  jaEmbed replacement string       : haranoaji (c:/users/marce/appdata/roaming/tinytex/texmf-dist/web2c/updmap.cfg)
  jaVariant replacement string     : -04 (c:/users/marce/appdata/roaming/tinytex/texmf-dist/web2c/updmap.cfg)
  scEmbed replacement string       : arphic (c:/users/marce/appdata/roaming/tinytex/texmf-dist/web2c/updmap.cfg)
  tcEmbed replacement string       : arphic (c:/users/marce/appdata/roaming/tinytex/texmf-dist/web2c/updmap.cfg)
  koEmbed replacement string       : baekmuk (c:/users/marce/appdata/roaming/tinytex/texmf-dist/web2c/updmap.cfg)
  create a mapfile for pxdvi       : false (default)

Scanning for LW35 support files  [  3 files]
Scanning for MixedMap entries    [  7 files]
Scanning for KanjiMap entries    [  0 files]
Scanning for Map entries         [ 14 files]

Generating output for dvipdfmx...
Generating output for ps2pk...
Generating output for dvips...
Generating output for pdftex...

Files generated:
  c:/users/marce/appdata/roaming/tinytex/texmf-var/fonts/map/dvips/updmap:
       16083 2022-04-19 09:54:01 builtin35.map
       21557 2022-04-19 09:54:01 download35.map
       88195 2022-04-19 09:54:01 psfonts_pk.map
       94580 2022-04-19 09:54:01 psfonts_t1.map
       94575 2022-04-19 09:54:01 ps2pk.map
       94580 2022-04-19 09:54:01 psfonts.map = psfonts_t1.map
  c:/users/marce/appdata/roaming/tinytex/texmf-var/fonts/map/pdftex/updmap:
       94582 2022-04-19 09:54:01 pdftex_dl14.map
       92917 2022-04-19 09:54:01 pdftex_ndl14.map
       94582 2022-04-19 09:54:01 pdftex.map = pdftex_dl14.map
  c:/users/marce/appdata/roaming/tinytex/texmf-var/fonts/map/dvipdfmx/updmap:
         355 2022-04-19 09:54:01 kanjix.map

Transcript written on "c:/users/marce/appdata/roaming/tinytex/texmf-var/web2c/updmap.log".
updmap: Updating ls-R files.
--end of output of updmap-sys.

[Tue Apr 19 09:54:02 2022] running fmtutil-sys --byfmt pdflatex --no-error-if-no-engine=luajithbtex,luajittex,mfluajit --status-file=C:\Users\marce\AppData\Local\Temp\9gwgw1CSZh\aiI9CsJN_S
[Tue Apr 19 09:54:05 2022] success, output:
fmtutil: fmtutil is using the following fmtutil.cnf files (in precedence order):
fmtutil:   c:/users/marce/appdata/roaming/tinytex/texmf-dist/web2c/fmtutil.cnf
fmtutil: fmtutil is using the following fmtutil.cnf file for writing changes:
fmtutil:   c:/users/marce/appdata/roaming/tinytex/texmf-config/web2c/fmtutil.cnf
fmtutil [INFO]: writing formats under c:/users/marce/appdata/roaming/tinytex/texmf-var/web2c
fmtutil [INFO]: --- remaking pdflatex with pdftex
fmtutil: running `pdftex -ini   -jobname=pdflatex -progname=pdflatex -translate-file=cp227.tcx *pdflatex.ini' ...
This is pdfTeX, Version 3.141592653-2.6-1.40.24 (TeX Live 2022) (INITEX)
 restricted \write18 enabled.
 (c:/Users/marce/AppData/Roaming/TinyTeX/texmf-dist/web2c/cp227.tcx)
entering extended mode
(c:/Users/marce/AppData/Roaming/TinyTeX/texmf-dist/tex/latex/latexconfig/pdflatex.ini (c:/Users/marce/AppData/Roaming/TinyTeX/texmf-dist/tex/generic/tex-ini-files/pdftexconfig.tex)
(c:/Users/marce/AppData/Roaming/TinyTeX/texmf-dist/tex/latex/base/latex.ltx (c:/Users/marce/AppData/Roaming/TinyTeX/texmf-dist/tex/latex/base/texsys.cfg)
./texsys.aux found


\@currdir set to: ./.


Assuming \openin and \input 
have the same search path.


Defining UNIX/DOS style filename parser.

catcodes, registers, parameters,
LaTeX2e <2021-11-15> patch level 1
(c:/Users/marce/AppData/Roaming/TinyTeX/texmf-dist/tex/latex/l3kernel/expl3.ltx (c:/Users/marce/AppData/Roaming/TinyTeX/texmf-dist/tex/latex/l3kernel/expl3-code.tex)) hacks, document commands, control, par, spacing, files, font encodings, lengths,
====================================

Local config file fonttext.cfg used

====================================
(c:/Users/marce/AppData/Roaming/TinyTeX/texmf-dist/tex/latex/base/fonttext.cfg (c:/Users/marce/AppData/Roaming/TinyTeX/texmf-dist/tex/latex/base/fonttext.ltx
=== Don't modify this file, use a .cfg file instead ===

(c:/Users/marce/AppData/Roaming/TinyTeX/texmf-dist/tex/latex/base/omlenc.def) (c:/Users/marce/AppData/Roaming/TinyTeX/texmf-dist/tex/latex/base/omsenc.def) (c:/Users/marce/AppData/Roaming/TinyTeX/texmf-dist/tex/latex/base/ot1enc.def) (c:/Users/marce/AppData/Roaming/TinyTeX/texmf-dist/tex/latex/base/t1enc.def) (c:/Users/marce/AppData/Roaming/TinyTeX/texmf-dist/tex/latex/base/ts1enc.def) (c:/Users/marce/AppData/Roaming/TinyTeX/texmf-dist/tex/latex/base/ts1cmr.fd) (c:/Users/marce/AppData/Roaming/TinyTeX/texmf-dist/tex/latex/base/t1cmr.fd) (c:/Users/marce/AppData/Roaming/TinyTeX/texmf-dist/tex/latex/base/ot1cmr.fd) (c:/Users/marce/AppData/Roaming/TinyTeX/texmf-dist/tex/latex/base/ot1cmss.fd) (c:/Users/marce/AppData/Roaming/TinyTeX/texmf-dist/tex/latex/base/ot1cmtt.fd)))
====================================

Local config file fontmath.cfg used

====================================
(c:/Users/marce/AppData/Roaming/TinyTeX/texmf-dist/tex/latex/base/fontmath.cfg (c:/Users/marce/AppData/Roaming/TinyTeX/texmf-dist/tex/latex/base/fontmath.ltx
=== Don't modify this file, use a .cfg file instead ===

(c:/Users/marce/AppData/Roaming/TinyTeX/texmf-dist/tex/latex/base/omlcmm.fd) (c:/Users/marce/AppData/Roaming/TinyTeX/texmf-dist/tex/latex/base/omscmsy.fd) (c:/Users/marce/AppData/Roaming/TinyTeX/texmf-dist/tex/latex/base/omxcmex.fd) (c:/Users/marce/AppData/Roaming/TinyTeX/texmf-dist/tex/latex/base/ucmr.fd)))
====================================

Local config file preload.cfg used

=====================================
(c:/Users/marce/AppData/Roaming/TinyTeX/texmf-dist/tex/latex/base/preload.cfg (c:/Users/marce/AppData/Roaming/TinyTeX/texmf-dist/tex/latex/base/preload.ltx)) page nos., x-ref, environments, center, verbatim, math definitions, boxes, title, sectioning, contents, floats, footnotes, index, bibliography, output,
===========================================
Local configuration file hyphen.cfg used
===========================================
(c:/Users/marce/AppData/Roaming/TinyTeX/texmf-dist/tex/generic/babel/hyphen.cfg (c:/Users/marce/AppData/Roaming/TinyTeX/texmf-dist/tex/generic/hyphen/hyphen.tex) (c:/Users/marce/AppData/Roaming/TinyTeX/texmf-dist/tex/generic/hyphen/dumyhyph.tex) (c:/Users/marce/AppData/Roaming/TinyTeX/texmf-dist/tex/generic/hyphen/zerohyph.tex)) (c:/Users/marce/AppData/Roaming/TinyTeX/texmf-dist/tex/generic/pdftex/glyphtounicode.tex) (c:/Users/marce/AppData/Roaming/TinyTeX/texmf-dist/tex/latex/base/utf8.def (c:/Users/marce/AppData/Roaming/TinyTeX/texmf-dist/tex/latex/base/omsenc.dfu) (c:/Users/marce/AppData/Roaming/TinyTeX/texmf-dist/tex/latex/base/ot1enc.dfu) (c:/Users/marce/AppData/Roaming/TinyTeX/texmf-dist/tex/latex/base/t1enc.dfu) (c:/Users/marce/AppData/Roaming/TinyTeX/texmf-dist/tex/latex/base/ts1enc.dfu)) (c:/Users/marce/AppData/Roaming/TinyTeX/texmf-dist/tex/latex/firstaid/latex2e-first-aid-for-external-files.ltx)
 ) )
Beginning to dump on file pdflatex.fmt
 (preloaded format=pdflatex 2022.4.19)
19802 strings of total length 358336
284091 memory locations dumped; current usage is 165&282362
18091 multiletter control sequences
\font\nullfont=nullfont
\font\c__fp_exp_intarray=cmr10 at 0.00002pt
\font\c__fp_trig_intarray=cmr10 at 0.00003pt
\font\c_initex_cctab=cmr10 at 0.00005pt
\font\c_other_cctab=cmr10 at 0.00006pt
\font\c_str_cctab=cmr10 at 0.00008pt
\font\g__regex_state_active_intarray=cmr10 at 0.00009pt
\font\g__regex_thread_info_intarray=cmr10 at 0.0001pt
\font\g__regex_submatch_prev_intarray=cmr10 at 0.00012pt
\font\g__regex_submatch_begin_intarray=cmr10 at 0.00014pt
\font\g__regex_submatch_end_intarray=cmr10 at 0.00015pt
\font\g__regex_submatch_case_intarray=cmr10 at 0.00017pt
\font\g__regex_balance_intarray=cmr10 at 0.00018pt
\font\OMX/cmex/m/n/10=cmex10
\font\tenln=line10
\font\tenlnw=linew10
\font\tencirc=lcircle10
\font\tencircw=lcirclew10
\font\OT1/cmr/m/n/5=cmr5
\font\OT1/cmr/m/n/7=cmr7
\font\OT1/cmr/m/n/10=cmr10
\font\OML/cmm/m/it/5=cmmi5
\font\OML/cmm/m/it/7=cmmi7
\font\OML/cmm/m/it/10=cmmi10
\font\OMS/cmsy/m/n/5=cmsy5
\font\OMS/cmsy/m/n/7=cmsy7
\font\OMS/cmsy/m/n/10=cmsy10
\font\c_code_cctab=cmr10 at 0.0002pt
\font\c_document_cctab=cmr10 at 0.00021pt
469252 words of font info for 28 preloaded fonts
14 hyphenation exceptions
Hyphenation trie of length 6081 has 183 ops out of 35111
  2 for language 1
  181 for language 0
0 words of pdfTeX memory
0 indirect objects
No pages of output.
Transcript written on pdflatex.log.
fmtutil [INFO]: log file copied to: c:/users/marce/appdata/roaming/tinytex/texmf-var/web2c/pdftex/pdflatex.log
fmtutil [INFO]: c:/users/marce/appdata/roaming/tinytex/texmf-var/web2c/pdftex/pdflatex.fmt installed.
fmtutil [INFO]: successfully rebuilt formats: 1
fmtutil [INFO]: not selected formats: 13
fmtutil [INFO]: total formats: 14
fmtutil [INFO]: exiting with status 0
--end of output of fmtutil-sys --byfmt pdflatex --no-error-if-no-engine=luajithbtex,luajittex,mfluajit --status-file=C:\Users\marce\AppData\Local\Temp\9gwgw1CSZh\aiI9CsJN_S.

[Tue Apr 19 09:54:05 2022]   OK: pdflatex.fmt/pdftex
[Tue Apr 19 09:54:05 2022] running fmtutil-sys --byfmt latex --no-error-if-no-engine=luajithbtex,luajittex,mfluajit --status-file=C:\Users\marce\AppData\Local\Temp\9gwgw1CSZh\aiI9CsJN_S
[Tue Apr 19 09:54:08 2022] success, output:
fmtutil: fmtutil is using the following fmtutil.cnf files (in precedence order):
fmtutil:   c:/users/marce/appdata/roaming/tinytex/texmf-dist/web2c/fmtutil.cnf
fmtutil: fmtutil is using the following fmtutil.cnf file for writing changes:
fmtutil:   c:/users/marce/appdata/roaming/tinytex/texmf-config/web2c/fmtutil.cnf
fmtutil [INFO]: writing formats under c:/users/marce/appdata/roaming/tinytex/texmf-var/web2c
fmtutil [INFO]: --- remaking latex with pdftex
fmtutil: running `pdftex -ini   -jobname=latex -progname=latex -translate-file=cp227.tcx *latex.ini' ...
This is pdfTeX, Version 3.141592653-2.6-1.40.24 (TeX Live 2022) (INITEX)
 restricted \write18 enabled.
 (c:/Users/marce/AppData/Roaming/TinyTeX/texmf-dist/web2c/cp227.tcx)
entering extended mode
(c:/Users/marce/AppData/Roaming/TinyTeX/texmf-dist/tex/latex/latexconfig/latex.ini (c:/Users/marce/AppData/Roaming/TinyTeX/texmf-dist/tex/generic/tex-ini-files/pdftexconfig.tex)
(c:/Users/marce/AppData/Roaming/TinyTeX/texmf-dist/tex/latex/base/latex.ltx (c:/Users/marce/AppData/Roaming/TinyTeX/texmf-dist/tex/latex/base/texsys.cfg)
./texsys.aux found


\@currdir set to: ./.


Assuming \openin and \input 
have the same search path.


Defining UNIX/DOS style filename parser.

catcodes, registers, parameters,
LaTeX2e <2021-11-15> patch level 1
(c:/Users/marce/AppData/Roaming/TinyTeX/texmf-dist/tex/latex/l3kernel/expl3.ltx (c:/Users/marce/AppData/Roaming/TinyTeX/texmf-dist/tex/latex/l3kernel/expl3-code.tex)) hacks, document commands, control, par, spacing, files, font encodings, lengths,
====================================

Local config file fonttext.cfg used

====================================
(c:/Users/marce/AppData/Roaming/TinyTeX/texmf-dist/tex/latex/base/fonttext.cfg (c:/Users/marce/AppData/Roaming/TinyTeX/texmf-dist/tex/latex/base/fonttext.ltx
=== Don't modify this file, use a .cfg file instead ===

(c:/Users/marce/AppData/Roaming/TinyTeX/texmf-dist/tex/latex/base/omlenc.def) (c:/Users/marce/AppData/Roaming/TinyTeX/texmf-dist/tex/latex/base/omsenc.def) (c:/Users/marce/AppData/Roaming/TinyTeX/texmf-dist/tex/latex/base/ot1enc.def) (c:/Users/marce/AppData/Roaming/TinyTeX/texmf-dist/tex/latex/base/t1enc.def) (c:/Users/marce/AppData/Roaming/TinyTeX/texmf-dist/tex/latex/base/ts1enc.def) (c:/Users/marce/AppData/Roaming/TinyTeX/texmf-dist/tex/latex/base/ts1cmr.fd) (c:/Users/marce/AppData/Roaming/TinyTeX/texmf-dist/tex/latex/base/t1cmr.fd) (c:/Users/marce/AppData/Roaming/TinyTeX/texmf-dist/tex/latex/base/ot1cmr.fd) (c:/Users/marce/AppData/Roaming/TinyTeX/texmf-dist/tex/latex/base/ot1cmss.fd) (c:/Users/marce/AppData/Roaming/TinyTeX/texmf-dist/tex/latex/base/ot1cmtt.fd)))
====================================

Local config file fontmath.cfg used

====================================
(c:/Users/marce/AppData/Roaming/TinyTeX/texmf-dist/tex/latex/base/fontmath.cfg (c:/Users/marce/AppData/Roaming/TinyTeX/texmf-dist/tex/latex/base/fontmath.ltx
=== Don't modify this file, use a .cfg file instead ===

(c:/Users/marce/AppData/Roaming/TinyTeX/texmf-dist/tex/latex/base/omlcmm.fd) (c:/Users/marce/AppData/Roaming/TinyTeX/texmf-dist/tex/latex/base/omscmsy.fd) (c:/Users/marce/AppData/Roaming/TinyTeX/texmf-dist/tex/latex/base/omxcmex.fd) (c:/Users/marce/AppData/Roaming/TinyTeX/texmf-dist/tex/latex/base/ucmr.fd)))
====================================

Local config file preload.cfg used

=====================================
(c:/Users/marce/AppData/Roaming/TinyTeX/texmf-dist/tex/latex/base/preload.cfg (c:/Users/marce/AppData/Roaming/TinyTeX/texmf-dist/tex/latex/base/preload.ltx)) page nos., x-ref, environments, center, verbatim, math definitions, boxes, title, sectioning, contents, floats, footnotes, index, bibliography, output,
===========================================
Local configuration file hyphen.cfg used
===========================================
(c:/Users/marce/AppData/Roaming/TinyTeX/texmf-dist/tex/generic/babel/hyphen.cfg (c:/Users/marce/AppData/Roaming/TinyTeX/texmf-dist/tex/generic/hyphen/hyphen.tex) (c:/Users/marce/AppData/Roaming/TinyTeX/texmf-dist/tex/generic/hyphen/dumyhyph.tex) (c:/Users/marce/AppData/Roaming/TinyTeX/texmf-dist/tex/generic/hyphen/zerohyph.tex)) (c:/Users/marce/AppData/Roaming/TinyTeX/texmf-dist/tex/generic/pdftex/glyphtounicode.tex) (c:/Users/marce/AppData/Roaming/TinyTeX/texmf-dist/tex/latex/base/utf8.def (c:/Users/marce/AppData/Roaming/TinyTeX/texmf-dist/tex/latex/base/omsenc.dfu) (c:/Users/marce/AppData/Roaming/TinyTeX/texmf-dist/tex/latex/base/ot1enc.dfu) (c:/Users/marce/AppData/Roaming/TinyTeX/texmf-dist/tex/latex/base/t1enc.dfu) (c:/Users/marce/AppData/Roaming/TinyTeX/texmf-dist/tex/latex/base/ts1enc.dfu)) (c:/Users/marce/AppData/Roaming/TinyTeX/texmf-dist/tex/latex/firstaid/latex2e-first-aid-for-external-files.ltx)
 ) )
Beginning to dump on file latex.fmt
 (preloaded format=latex 2022.4.19)
19801 strings of total length 358310
284085 memory locations dumped; current usage is 165&282356
18091 multiletter control sequences
\font\nullfont=nullfont
\font\c__fp_exp_intarray=cmr10 at 0.00002pt
\font\c__fp_trig_intarray=cmr10 at 0.00003pt
\font\c_initex_cctab=cmr10 at 0.00005pt
\font\c_other_cctab=cmr10 at 0.00006pt
\font\c_str_cctab=cmr10 at 0.00008pt
\font\g__regex_state_active_intarray=cmr10 at 0.00009pt
\font\g__regex_thread_info_intarray=cmr10 at 0.0001pt
\font\g__regex_submatch_prev_intarray=cmr10 at 0.00012pt
\font\g__regex_submatch_begin_intarray=cmr10 at 0.00014pt
\font\g__regex_submatch_end_intarray=cmr10 at 0.00015pt
\font\g__regex_submatch_case_intarray=cmr10 at 0.00017pt
\font\g__regex_balance_intarray=cmr10 at 0.00018pt
\font\OMX/cmex/m/n/10=cmex10
\font\tenln=line10
\font\tenlnw=linew10
\font\tencirc=lcircle10
\font\tencircw=lcirclew10
\font\OT1/cmr/m/n/5=cmr5
\font\OT1/cmr/m/n/7=cmr7
\font\OT1/cmr/m/n/10=cmr10
\font\OML/cmm/m/it/5=cmmi5
\font\OML/cmm/m/it/7=cmmi7
\font\OML/cmm/m/it/10=cmmi10
\font\OMS/cmsy/m/n/5=cmsy5
\font\OMS/cmsy/m/n/7=cmsy7
\font\OMS/cmsy/m/n/10=cmsy10
\font\c_code_cctab=cmr10 at 0.0002pt
\font\c_document_cctab=cmr10 at 0.00021pt
469252 words of font info for 28 preloaded fonts
14 hyphenation exceptions
Hyphenation trie of length 6081 has 183 ops out of 35111
  2 for language 1
  181 for language 0
0 words of pdfTeX memory
0 indirect objects
No pages of output.
Transcript written on latex.log.
fmtutil [INFO]: log file copied to: c:/users/marce/appdata/roaming/tinytex/texmf-var/web2c/pdftex/latex.log
fmtutil [INFO]: c:/users/marce/appdata/roaming/tinytex/texmf-var/web2c/pdftex/latex.fmt installed.
fmtutil [INFO]: successfully rebuilt formats: 1
fmtutil [INFO]: not selected formats: 13
fmtutil [INFO]: total formats: 14
fmtutil [INFO]: exiting with status 0
--end of output of fmtutil-sys --byfmt latex --no-error-if-no-engine=luajithbtex,luajittex,mfluajit --status-file=C:\Users\marce\AppData\Local\Temp\9gwgw1CSZh\aiI9CsJN_S.

[Tue Apr 19 09:54:08 2022]   OK: pdflatex.fmt/pdftex latex.fmt/pdftex
[Tue Apr 19 09:54:08 2022] running fmtutil-sys --byfmt lualatex --no-error-if-no-engine=luajithbtex,luajittex,mfluajit --status-file=C:\Users\marce\AppData\Local\Temp\9gwgw1CSZh\aiI9CsJN_S
[Tue Apr 19 09:54:13 2022] success, output:
fmtutil: fmtutil is using the following fmtutil.cnf files (in precedence order):
fmtutil:   c:/users/marce/appdata/roaming/tinytex/texmf-dist/web2c/fmtutil.cnf
fmtutil: fmtutil is using the following fmtutil.cnf file for writing changes:
fmtutil:   c:/users/marce/appdata/roaming/tinytex/texmf-config/web2c/fmtutil.cnf
fmtutil [INFO]: writing formats under c:/users/marce/appdata/roaming/tinytex/texmf-var/web2c
fmtutil [INFO]: --- remaking lualatex with luahbtex
fmtutil: running `luahbtex -ini   -jobname=lualatex -progname=lualatex lualatex.ini' ...
This is LuaHBTeX, Version 1.15.0 (TeX Live 2022)  (INITEX)
 restricted system commands enabled.
(c:/Users/marce/AppData/Roaming/TinyTeX/texmf-dist/tex/generic/tex-ini-files/lualatex.ini (c:/Users/marce/AppData/Roaming/TinyTeX/texmf-dist/tex/generic/tex-ini-files/luatexconfig.tex (c:/Users/marce/AppData/Roaming/TinyTeX/texmf-dist/tex/generic/tex-ini-files/pdftexconfig.tex)) (c:/Users/marce/AppData/Roaming/TinyTeX/texmf-dist/tex/latex/base/latex.ltx (c:/Users/marce/AppData/Roaming/TinyTeX/texmf-dist/tex/latex/base/texsys.cfg)
./texsys.aux found


\@currdir set to: ./.


Assuming \openin and \input 
have the same search path.


Defining UNIX/DOS style filename parser.

catcodes, registers, parameters,
LaTeX2e <2021-11-15> patch level 1
(c:/Users/marce/AppData/Roaming/TinyTeX/texmf-dist/tex/latex/l3kernel/expl3.ltx (c:/Users/marce/AppData/Roaming/TinyTeX/texmf-dist/tex/latex/l3kernel/expl3-code.tex)) hacks, document commands, control, par, spacing, files, font encodings, lengths,
====================================

Local config file fonttext.cfg used

====================================
(c:/Users/marce/AppData/Roaming/TinyTeX/texmf-dist/tex/latex/base/fonttext.cfg (c:/Users/marce/AppData/Roaming/TinyTeX/texmf-dist/tex/latex/base/fonttext.ltx
=== Don't modify this file, use a .cfg file instead ===

(c:/Users/marce/AppData/Roaming/TinyTeX/texmf-dist/tex/latex/base/omlenc.def) (c:/Users/marce/AppData/Roaming/TinyTeX/texmf-dist/tex/latex/base/omsenc.def) (c:/Users/marce/AppData/Roaming/TinyTeX/texmf-dist/tex/latex/base/ot1enc.def) (c:/Users/marce/AppData/Roaming/TinyTeX/texmf-dist/tex/latex/base/t1enc.def) (c:/Users/marce/AppData/Roaming/TinyTeX/texmf-dist/tex/latex/base/ts1enc.def) (c:/Users/marce/AppData/Roaming/TinyTeX/texmf-dist/tex/latex/base/tuenc.def) (c:/Users/marce/AppData/Roaming/TinyTeX/texmf-dist/tex/latex/base/tulmr.fd) (c:/Users/marce/AppData/Roaming/TinyTeX/texmf-dist/tex/latex/base/tulmss.fd) (c:/Users/marce/AppData/Roaming/TinyTeX/texmf-dist/tex/latex/base/tulmtt.fd) (c:/Users/marce/AppData/Roaming/TinyTeX/texmf-dist/tex/latex/lm/ts1lmr.fd) (c:/Users/marce/AppData/Roaming/TinyTeX/texmf-dist/tex/latex/base/t1cmr.fd) (c:/Users/marce/AppData/Roaming/TinyTeX/texmf-dist/tex/latex/base/ot1cmr.fd) (c:/Users/marce/AppData/Roaming/TinyTeX/texmf-dist/tex/latex/base/ot1cmss.fd) (c:/Users/marce/AppData/Roaming/TinyTeX/texmf-dist/tex/latex/base/ot1cmtt.fd)))
====================================

Local config file fontmath.cfg used

====================================
(c:/Users/marce/AppData/Roaming/TinyTeX/texmf-dist/tex/latex/base/fontmath.cfg (c:/Users/marce/AppData/Roaming/TinyTeX/texmf-dist/tex/latex/base/fontmath.ltx
=== Don't modify this file, use a .cfg file instead ===

(c:/Users/marce/AppData/Roaming/TinyTeX/texmf-dist/tex/latex/base/omlcmm.fd) (c:/Users/marce/AppData/Roaming/TinyTeX/texmf-dist/tex/latex/base/omscmsy.fd) (c:/Users/marce/AppData/Roaming/TinyTeX/texmf-dist/tex/latex/base/omxcmex.fd) (c:/Users/marce/AppData/Roaming/TinyTeX/texmf-dist/tex/latex/base/ucmr.fd)))
====================================

Local config file preload.cfg used

=====================================
(c:/Users/marce/AppData/Roaming/TinyTeX/texmf-dist/tex/latex/base/preload.cfg (c:/Users/marce/AppData/Roaming/TinyTeX/texmf-dist/tex/latex/base/preload.ltx)) page nos., x-ref, environments, center, verbatim, math definitions, boxes, title, sectioning, contents, floats, footnotes, index, bibliography, output,  Unicode character data, (c:/Users/marce/AppData/Roaming/TinyTeX/texmf-dist/tex/generic/unicode-data/load-unicode-data.tex 
load-unicode-data.tex v1.15 (2021-09-15)
Reading Unicode data
# UnicodeData-14.0.0.txt
# Modified 2021-09-15 11:00:00 GMT [JAW]
)
===========================================
Local configuration file hyphen.cfg used
===========================================
(c:/Users/marce/AppData/Roaming/TinyTeX/texmf-dist/tex/generic/babel/hyphen.cfg (c:/Users/marce/AppData/Roaming/TinyTeX/texmf-dist/tex/generic/babel/luababel.def) (c:/Users/marce/AppData/Roaming/TinyTeX/texmf-dist/tex/generic/hyphen/hyphen.tex)) (c:/Users/marce/AppData/Roaming/TinyTeX/texmf-dist/tex/latex/firstaid/latex2e-first-aid-for-external-files.ltx)
))
Beginning to dump on file lualatex.fmt
 (format=lualatex 2022.4.19)
22238 strings using 364874 bytes
687031 memory locations dumped; current usage is 204&317575
20859 multiletter control sequences
\font\nullfont=nullfont
\font\OMX/cmex/m/n/10=cmex10
\font\tenln=line10
\font\tenlnw=linew10
\font\tencirc=lcircle10
\font\tencircw=lcirclew10
\font\OT1/cmr/m/n/5=cmr5
\font\OT1/cmr/m/n/7=cmr7
\font\OT1/cmr/m/n/10=cmr10
\font\OML/cmm/m/it/5=cmmi5
\font\OML/cmm/m/it/7=cmmi7
\font\OML/cmm/m/it/10=cmmi10
\font\OMS/cmsy/m/n/5=cmsy5
\font\OMS/cmsy/m/n/7=cmsy7
\font\OMS/cmsy/m/n/10=cmsy10
14 preloaded fonts
warning  (pdf backend): no pages of output.
Transcript written on lualatex.log.
fmtutil [INFO]: log file copied to: c:/users/marce/appdata/roaming/tinytex/texmf-var/web2c/luahbtex/lualatex.log
fmtutil [INFO]: c:/users/marce/appdata/roaming/tinytex/texmf-var/web2c/luahbtex/lualatex.fmt installed.
fmtutil [INFO]: successfully rebuilt formats: 1
fmtutil [INFO]: not selected formats: 13
fmtutil [INFO]: total formats: 14
fmtutil [INFO]: exiting with status 0
--end of output of fmtutil-sys --byfmt lualatex --no-error-if-no-engine=luajithbtex,luajittex,mfluajit --status-file=C:\Users\marce\AppData\Local\Temp\9gwgw1CSZh\aiI9CsJN_S.

[Tue Apr 19 09:54:13 2022]   OK: pdflatex.fmt/pdftex latex.fmt/pdftex lualatex.fmt/luahbtex
[Tue Apr 19 09:54:13 2022] running fmtutil-sys --byfmt xelatex --no-error-if-no-engine=luajithbtex,luajittex,mfluajit --status-file=C:\Users\marce\AppData\Local\Temp\9gwgw1CSZh\aiI9CsJN_S
[Tue Apr 19 09:54:17 2022] success, output:
fmtutil: fmtutil is using the following fmtutil.cnf files (in precedence order):
fmtutil:   c:/users/marce/appdata/roaming/tinytex/texmf-dist/web2c/fmtutil.cnf
fmtutil: fmtutil is using the following fmtutil.cnf file for writing changes:
fmtutil:   c:/users/marce/appdata/roaming/tinytex/texmf-config/web2c/fmtutil.cnf
fmtutil [INFO]: writing formats under c:/users/marce/appdata/roaming/tinytex/texmf-var/web2c
fmtutil [INFO]: --- remaking xelatex with xetex
fmtutil: running `xetex -ini   -jobname=xelatex -progname=xelatex -etex xelatex.ini' ...
This is XeTeX, Version 3.141592653-2.6-0.999994 (TeX Live 2022) (INITEX)
 restricted \write18 enabled.
entering extended mode
(c:/Users/marce/AppData/Roaming/TinyTeX/texmf-dist/tex/generic/tex-ini-files/xelatex.ini (c:/Users/marce/AppData/Roaming/TinyTeX/texmf-dist/tex/latex/base/latex.ltx (c:/Users/marce/AppData/Roaming/TinyTeX/texmf-dist/tex/latex/base/texsys.cfg)
./texsys.aux found


\@currdir set to: ./.


Assuming \openin and \input 
have the same search path.


Defining UNIX/DOS style filename parser.

catcodes, registers, parameters,
LaTeX2e <2021-11-15> patch level 1
(c:/Users/marce/AppData/Roaming/TinyTeX/texmf-dist/tex/latex/l3kernel/expl3.ltx (c:/Users/marce/AppData/Roaming/TinyTeX/texmf-dist/tex/latex/l3kernel/expl3-code.tex)) hacks, document commands, control, par, spacing, files, font encodings, lengths,
====================================

Local config file fonttext.cfg used

====================================
(c:/Users/marce/AppData/Roaming/TinyTeX/texmf-dist/tex/latex/base/fonttext.cfg (c:/Users/marce/AppData/Roaming/TinyTeX/texmf-dist/tex/latex/base/fonttext.ltx
=== Don't modify this file, use a .cfg file instead ===

(c:/Users/marce/AppData/Roaming/TinyTeX/texmf-dist/tex/latex/base/omlenc.def) (c:/Users/marce/AppData/Roaming/TinyTeX/texmf-dist/tex/latex/base/omsenc.def) (c:/Users/marce/AppData/Roaming/TinyTeX/texmf-dist/tex/latex/base/ot1enc.def) (c:/Users/marce/AppData/Roaming/TinyTeX/texmf-dist/tex/latex/base/t1enc.def) (c:/Users/marce/AppData/Roaming/TinyTeX/texmf-dist/tex/latex/base/ts1enc.def) (c:/Users/marce/AppData/Roaming/TinyTeX/texmf-dist/tex/latex/base/tuenc.def) (c:/Users/marce/AppData/Roaming/TinyTeX/texmf-dist/tex/latex/base/tulmr.fd) (c:/Users/marce/AppData/Roaming/TinyTeX/texmf-dist/tex/latex/base/tulmss.fd) (c:/Users/marce/AppData/Roaming/TinyTeX/texmf-dist/tex/latex/base/tulmtt.fd) (c:/Users/marce/AppData/Roaming/TinyTeX/texmf-dist/tex/latex/lm/ts1lmr.fd) (c:/Users/marce/AppData/Roaming/TinyTeX/texmf-dist/tex/latex/base/t1cmr.fd) (c:/Users/marce/AppData/Roaming/TinyTeX/texmf-dist/tex/latex/base/ot1cmr.fd) (c:/Users/marce/AppData/Roaming/TinyTeX/texmf-dist/tex/latex/base/ot1cmss.fd) (c:/Users/marce/AppData/Roaming/TinyTeX/texmf-dist/tex/latex/base/ot1cmtt.fd)))
====================================

Local config file fontmath.cfg used

====================================
(c:/Users/marce/AppData/Roaming/TinyTeX/texmf-dist/tex/latex/base/fontmath.cfg (c:/Users/marce/AppData/Roaming/TinyTeX/texmf-dist/tex/latex/base/fontmath.ltx
=== Don't modify this file, use a .cfg file instead ===

(c:/Users/marce/AppData/Roaming/TinyTeX/texmf-dist/tex/latex/base/omlcmm.fd) (c:/Users/marce/AppData/Roaming/TinyTeX/texmf-dist/tex/latex/base/omscmsy.fd) (c:/Users/marce/AppData/Roaming/TinyTeX/texmf-dist/tex/latex/base/omxcmex.fd) (c:/Users/marce/AppData/Roaming/TinyTeX/texmf-dist/tex/latex/base/ucmr.fd)))
====================================

Local config file preload.cfg used

=====================================
(c:/Users/marce/AppData/Roaming/TinyTeX/texmf-dist/tex/latex/base/preload.cfg (c:/Users/marce/AppData/Roaming/TinyTeX/texmf-dist/tex/latex/base/preload.ltx)) page nos., x-ref, environments, center, verbatim, math definitions, boxes, title, sectioning, contents, floats, footnotes, index, bibliography, output,  Unicode character data, (c:/Users/marce/AppData/Roaming/TinyTeX/texmf-dist/tex/generic/unicode-data/load-unicode-data.tex 
load-unicode-data.tex v1.15 (2021-09-15)
Reading Unicode data
# UnicodeData-14.0.0.txt
# Modified 2021-09-15 11:00:00 GMT [JAW]
)
===========================================
Local configuration file hyphen.cfg used
===========================================
(c:/Users/marce/AppData/Roaming/TinyTeX/texmf-dist/tex/generic/babel/hyphen.cfg (c:/Users/marce/AppData/Roaming/TinyTeX/texmf-dist/tex/generic/babel/xebabel.def) (c:/Users/marce/AppData/Roaming/TinyTeX/texmf-dist/tex/generic/hyphen/hyphen.tex) (c:/Users/marce/AppData/Roaming/TinyTeX/texmf-dist/tex/generic/hyphen/dumyhyph.tex) (c:/Users/marce/AppData/Roaming/TinyTeX/texmf-dist/tex/generic/hyphen/zerohyph.tex)) (c:/Users/marce/AppData/Roaming/TinyTeX/texmf-dist/tex/latex/firstaid/latex2e-first-aid-for-external-files.ltx)
 ) )
Beginning to dump on file xelatex.fmt
 (preloaded format=xelatex 2022.4.19)
87381 strings of total length 397440
289862 memory locations dumped; current usage is 299&287997
20748 multiletter control sequences
\font\nullfont=nullfont
\font\c__fp_exp_intarray=cmr10 at 0.00002pt
\font\c__fp_trig_intarray=cmr10 at 0.00003pt
\font\c_initex_cctab=cmr10 at 0.00005pt
\font\c_other_cctab=cmr10 at 0.00006pt
\font\c_str_cctab=cmr10 at 0.00008pt
\font\g__regex_state_active_intarray=cmr10 at 0.00009pt
\font\g__regex_thread_info_intarray=cmr10 at 0.0001pt
\font\g__regex_submatch_prev_intarray=cmr10 at 0.00012pt
\font\g__regex_submatch_begin_intarray=cmr10 at 0.00014pt
\font\g__regex_submatch_end_intarray=cmr10 at 0.00015pt
\font\g__regex_submatch_case_intarray=cmr10 at 0.00017pt
\font\g__regex_balance_intarray=cmr10 at 0.00018pt
\font\OMX/cmex/m/n/10=cmex10
\font\tenln=line10
\font\tenlnw=linew10
\font\tencirc=lcircle10
\font\tencircw=lcirclew10
\font\OT1/cmr/m/n/5=cmr5
\font\OT1/cmr/m/n/7=cmr7
\font\OT1/cmr/m/n/10=cmr10
\font\OML/cmm/m/it/5=cmmi5
\font\OML/cmm/m/it/7=cmmi7
\font\OML/cmm/m/it/10=cmmi10
\font\OMS/cmsy/m/n/5=cmsy5
\font\OMS/cmsy/m/n/7=cmsy7
\font\OMS/cmsy/m/n/10=cmsy10
\font\c_code_cctab=cmr10 at 0.0002pt
\font\c_document_cctab=cmr10 at 0.00021pt
469252 words of font info for 28 preloaded fonts
14 hyphenation exceptions
Hyphenation trie of length 6082 has 183 ops out of 35111
  2 for language 1
  181 for language 0
No pages of output.
Transcript written on xelatex.log.
fmtutil [INFO]: log file copied to: c:/users/marce/appdata/roaming/tinytex/texmf-var/web2c/xetex/xelatex.log
fmtutil [INFO]: c:/users/marce/appdata/roaming/tinytex/texmf-var/web2c/xetex/xelatex.fmt installed.
fmtutil [INFO]: successfully rebuilt formats: 1
fmtutil [INFO]: not selected formats: 13
fmtutil [INFO]: total formats: 14
fmtutil [INFO]: exiting with status 0
--end of output of fmtutil-sys --byfmt xelatex --no-error-if-no-engine=luajithbtex,luajittex,mfluajit --status-file=C:\Users\marce\AppData\Local\Temp\9gwgw1CSZh\aiI9CsJN_S.

[Tue Apr 19 09:54:17 2022]   OK: pdflatex.fmt/pdftex latex.fmt/pdftex lualatex.fmt/luahbtex xelatex.fmt/xetex
[Tue Apr 19 09:54:17 2022] running fmtutil-sys --byfmt dvilualatex --no-error-if-no-engine=luajithbtex,luajittex,mfluajit --status-file=C:\Users\marce\AppData\Local\Temp\9gwgw1CSZh\aiI9CsJN_S
[Tue Apr 19 09:54:21 2022] success, output:
fmtutil: fmtutil is using the following fmtutil.cnf files (in precedence order):
fmtutil:   c:/users/marce/appdata/roaming/tinytex/texmf-dist/web2c/fmtutil.cnf
fmtutil: fmtutil is using the following fmtutil.cnf file for writing changes:
fmtutil:   c:/users/marce/appdata/roaming/tinytex/texmf-config/web2c/fmtutil.cnf
fmtutil [INFO]: writing formats under c:/users/marce/appdata/roaming/tinytex/texmf-var/web2c
fmtutil [INFO]: --- remaking dvilualatex with luatex
fmtutil: running `luatex -ini   -jobname=dvilualatex -progname=dvilualatex dvilualatex.ini' ...
This is LuaTeX, Version 1.15.0 (TeX Live 2022)  (INITEX)
 restricted system commands enabled.
(c:/Users/marce/AppData/Roaming/TinyTeX/texmf-dist/tex/generic/tex-ini-files/dvilualatex.ini (c:/Users/marce/AppData/Roaming/TinyTeX/texmf-dist/tex/generic/tex-ini-files/lualatex.ini (c:/Users/marce/AppData/Roaming/TinyTeX/texmf-dist/tex/generic/tex-ini-files/luatexconfig.tex (c:/Users/marce/AppData/Roaming/TinyTeX/texmf-dist/tex/generic/tex-ini-files/pdftexconfig.tex)) (c:/Users/marce/AppData/Roaming/TinyTeX/texmf-dist/tex/latex/base/latex.ltx (c:/Users/marce/AppData/Roaming/TinyTeX/texmf-dist/tex/latex/base/texsys.cfg)
./texsys.aux found


\@currdir set to: ./.


Assuming \openin and \input 
have the same search path.


Defining UNIX/DOS style filename parser.

catcodes, registers, parameters,
LaTeX2e <2021-11-15> patch level 1
(c:/Users/marce/AppData/Roaming/TinyTeX/texmf-dist/tex/latex/l3kernel/expl3.ltx (c:/Users/marce/AppData/Roaming/TinyTeX/texmf-dist/tex/latex/l3kernel/expl3-code.tex)) hacks, document commands, control, par, spacing, files, font encodings, lengths,
====================================

Local config file fonttext.cfg used

====================================
(c:/Users/marce/AppData/Roaming/TinyTeX/texmf-dist/tex/latex/base/fonttext.cfg (c:/Users/marce/AppData/Roaming/TinyTeX/texmf-dist/tex/latex/base/fonttext.ltx
=== Don't modify this file, use a .cfg file instead ===

(c:/Users/marce/AppData/Roaming/TinyTeX/texmf-dist/tex/latex/base/omlenc.def) (c:/Users/marce/AppData/Roaming/TinyTeX/texmf-dist/tex/latex/base/omsenc.def) (c:/Users/marce/AppData/Roaming/TinyTeX/texmf-dist/tex/latex/base/ot1enc.def) (c:/Users/marce/AppData/Roaming/TinyTeX/texmf-dist/tex/latex/base/t1enc.def) (c:/Users/marce/AppData/Roaming/TinyTeX/texmf-dist/tex/latex/base/ts1enc.def) (c:/Users/marce/AppData/Roaming/TinyTeX/texmf-dist/tex/latex/base/tuenc.def) (c:/Users/marce/AppData/Roaming/TinyTeX/texmf-dist/tex/latex/base/tulmr.fd) (c:/Users/marce/AppData/Roaming/TinyTeX/texmf-dist/tex/latex/base/tulmss.fd) (c:/Users/marce/AppData/Roaming/TinyTeX/texmf-dist/tex/latex/base/tulmtt.fd) (c:/Users/marce/AppData/Roaming/TinyTeX/texmf-dist/tex/latex/lm/ts1lmr.fd) (c:/Users/marce/AppData/Roaming/TinyTeX/texmf-dist/tex/latex/base/t1cmr.fd) (c:/Users/marce/AppData/Roaming/TinyTeX/texmf-dist/tex/latex/base/ot1cmr.fd) (c:/Users/marce/AppData/Roaming/TinyTeX/texmf-dist/tex/latex/base/ot1cmss.fd) (c:/Users/marce/AppData/Roaming/TinyTeX/texmf-dist/tex/latex/base/ot1cmtt.fd)))
====================================

Local config file fontmath.cfg used

====================================
(c:/Users/marce/AppData/Roaming/TinyTeX/texmf-dist/tex/latex/base/fontmath.cfg (c:/Users/marce/AppData/Roaming/TinyTeX/texmf-dist/tex/latex/base/fontmath.ltx
=== Don't modify this file, use a .cfg file instead ===

(c:/Users/marce/AppData/Roaming/TinyTeX/texmf-dist/tex/latex/base/omlcmm.fd) (c:/Users/marce/AppData/Roaming/TinyTeX/texmf-dist/tex/latex/base/omscmsy.fd) (c:/Users/marce/AppData/Roaming/TinyTeX/texmf-dist/tex/latex/base/omxcmex.fd) (c:/Users/marce/AppData/Roaming/TinyTeX/texmf-dist/tex/latex/base/ucmr.fd)))
====================================

Local config file preload.cfg used

=====================================
(c:/Users/marce/AppData/Roaming/TinyTeX/texmf-dist/tex/latex/base/preload.cfg (c:/Users/marce/AppData/Roaming/TinyTeX/texmf-dist/tex/latex/base/preload.ltx)) page nos., x-ref, environments, center, verbatim, math definitions, boxes, title, sectioning, contents, floats, footnotes, index, bibliography, output,  Unicode character data, (c:/Users/marce/AppData/Roaming/TinyTeX/texmf-dist/tex/generic/unicode-data/load-unicode-data.tex 
load-unicode-data.tex v1.15 (2021-09-15)
Reading Unicode data
# UnicodeData-14.0.0.txt
# Modified 2021-09-15 11:00:00 GMT [JAW]
)
===========================================
Local configuration file hyphen.cfg used
===========================================
(c:/Users/marce/AppData/Roaming/TinyTeX/texmf-dist/tex/generic/babel/hyphen.cfg (c:/Users/marce/AppData/Roaming/TinyTeX/texmf-dist/tex/generic/babel/luababel.def) (c:/Users/marce/AppData/Roaming/TinyTeX/texmf-dist/tex/generic/hyphen/hyphen.tex)) (c:/Users/marce/AppData/Roaming/TinyTeX/texmf-dist/tex/latex/firstaid/latex2e-first-aid-for-external-files.ltx)
)))
Beginning to dump on file dvilualatex.fmt
 (format=dvilualatex 2022.4.19)
22243 strings using 364898 bytes
687039 memory locations dumped; current usage is 204&317579
20859 multiletter control sequences
\font\nullfont=nullfont
\font\OMX/cmex/m/n/10=cmex10
\font\tenln=line10
\font\tenlnw=linew10
\font\tencirc=lcircle10
\font\tencircw=lcirclew10
\font\OT1/cmr/m/n/5=cmr5
\font\OT1/cmr/m/n/7=cmr7
\font\OT1/cmr/m/n/10=cmr10
\font\OML/cmm/m/it/5=cmmi5
\font\OML/cmm/m/it/7=cmmi7
\font\OML/cmm/m/it/10=cmmi10
\font\OMS/cmsy/m/n/5=cmsy5
\font\OMS/cmsy/m/n/7=cmsy7
\font\OMS/cmsy/m/n/10=cmsy10
14 preloaded fonts
No pages of output.
Transcript written on dvilualatex.log.
fmtutil [INFO]: log file copied to: c:/users/marce/appdata/roaming/tinytex/texmf-var/web2c/luatex/dvilualatex.log
fmtutil [INFO]: c:/users/marce/appdata/roaming/tinytex/texmf-var/web2c/luatex/dvilualatex.fmt installed.
fmtutil [INFO]: successfully rebuilt formats: 1
fmtutil [INFO]: not selected formats: 13
fmtutil [INFO]: total formats: 14
fmtutil [INFO]: exiting with status 0
--end of output of fmtutil-sys --byfmt dvilualatex --no-error-if-no-engine=luajithbtex,luajittex,mfluajit --status-file=C:\Users\marce\AppData\Local\Temp\9gwgw1CSZh\aiI9CsJN_S.

[Tue Apr 19 09:54:21 2022]   OK: pdflatex.fmt/pdftex latex.fmt/pdftex lualatex.fmt/luahbtex xelatex.fmt/xetex dvilualatex.fmt/luatex
[Sat Apr 23 17:22:53 2022] running mktexlsr
[Sat Apr 23 17:22:54 2022] success, output:
mktexlsr: Updating C:/Users/marce/AppData/Roaming/TinyTeX/texmf-local/ls-R...
mktexlsr: Updated C:/Users/marce/AppData/Roaming/TinyTeX/texmf-local/ls-R.
mktexlsr: Updating C:/Users/marce/AppData/Roaming/TinyTeX/texmf-config/ls-R...
mktexlsr: Updated C:/Users/marce/AppData/Roaming/TinyTeX/texmf-config/ls-R.
mktexlsr: Updating C:/Users/marce/AppData/Roaming/TinyTeX/texmf-var/ls-R...
mktexlsr: Updated C:/Users/marce/AppData/Roaming/TinyTeX/texmf-var/ls-R.
mktexlsr: Updating C:/Users/marce/AppData/Roaming/TinyTeX/texmf-dist/ls-R...
mktexlsr: Updated C:/Users/marce/AppData/Roaming/TinyTeX/texmf-dist/ls-R.
mktexlsr: Done.
--end of output of mktexlsr.

[Sat Apr 23 17:22:54 2022] running updmap-sys
[Sat Apr 23 17:22:56 2022] success, output:
updmap will read the following updmap.cfg files (in precedence order):
  c:/users/marce/appdata/roaming/tinytex/texmf-dist/web2c/updmap.cfg
updmap may write changes to the following updmap.cfg file:
  c:/users/marce/appdata/roaming/tinytex/texmf-config/web2c/updmap.cfg
dvips output dir: "c:/users/marce/appdata/roaming/tinytex/texmf-var/fonts/map/dvips/updmap"
pdftex output dir: "c:/users/marce/appdata/roaming/tinytex/texmf-var/fonts/map/pdftex/updmap"
dvipdfmx output dir: "c:/users/marce/appdata/roaming/tinytex/texmf-var/fonts/map/dvipdfmx/updmap"

updmap is creating new map files
using the following configuration:
  LW35 font names                  : URWkb (c:/users/marce/appdata/roaming/tinytex/texmf-dist/web2c/updmap.cfg)
  prefer outlines                  : true (c:/users/marce/appdata/roaming/tinytex/texmf-dist/web2c/updmap.cfg)
  texhash enabled                  : true
  download standard fonts (dvips)  : true (c:/users/marce/appdata/roaming/tinytex/texmf-dist/web2c/updmap.cfg)
  download standard fonts (pdftex) : true (c:/users/marce/appdata/roaming/tinytex/texmf-dist/web2c/updmap.cfg)
  jaEmbed replacement string       : haranoaji (c:/users/marce/appdata/roaming/tinytex/texmf-dist/web2c/updmap.cfg)
  jaVariant replacement string     : -04 (c:/users/marce/appdata/roaming/tinytex/texmf-dist/web2c/updmap.cfg)
  scEmbed replacement string       : arphic (c:/users/marce/appdata/roaming/tinytex/texmf-dist/web2c/updmap.cfg)
  tcEmbed replacement string       : arphic (c:/users/marce/appdata/roaming/tinytex/texmf-dist/web2c/updmap.cfg)
  koEmbed replacement string       : baekmuk (c:/users/marce/appdata/roaming/tinytex/texmf-dist/web2c/updmap.cfg)
  create a mapfile for pxdvi       : false (default)

Scanning for LW35 support files  [  3 files]
Scanning for MixedMap entries    [  7 files]
Scanning for KanjiMap entries    [  0 files]
Scanning for Map entries         [ 14 files]

Generating output for dvipdfmx...
Generating output for ps2pk...
Generating output for dvips...
Generating output for pdftex...

Files generated:
  c:/users/marce/appdata/roaming/tinytex/texmf-var/fonts/map/dvips/updmap:
       16083 2022-04-23 17:22:55 builtin35.map
       21557 2022-04-23 17:22:55 download35.map
       88195 2022-04-23 17:22:55 psfonts_pk.map
       94580 2022-04-23 17:22:55 psfonts_t1.map
       94575 2022-04-23 17:22:55 ps2pk.map
       94580 2022-04-23 17:22:55 psfonts.map = psfonts_t1.map
  c:/users/marce/appdata/roaming/tinytex/texmf-var/fonts/map/pdftex/updmap:
       94582 2022-04-23 17:22:55 pdftex_dl14.map
       92917 2022-04-23 17:22:55 pdftex_ndl14.map
       94582 2022-04-23 17:22:55 pdftex.map = pdftex_dl14.map
  c:/users/marce/appdata/roaming/tinytex/texmf-var/fonts/map/dvipdfmx/updmap:
         355 2022-04-23 17:22:55 kanjix.map

Transcript written on "c:/users/marce/appdata/roaming/tinytex/texmf-var/web2c/updmap.log".
updmap: Updating ls-R files.
--end of output of updmap-sys.

[Sat Apr 23 17:22:56 2022] running fmtutil-sys --byfmt pdflatex --no-error-if-no-engine=luajithbtex,luajittex,mfluajit --status-file=C:\Users\marce\AppData\Local\Temp\qUY5qHFpwJ\l2tmYqp1qs
[Sat Apr 23 17:23:00 2022] success, output:
fmtutil: fmtutil is using the following fmtutil.cnf files (in precedence order):
fmtutil:   c:/users/marce/appdata/roaming/tinytex/texmf-dist/web2c/fmtutil.cnf
fmtutil: fmtutil is using the following fmtutil.cnf file for writing changes:
fmtutil:   c:/users/marce/appdata/roaming/tinytex/texmf-config/web2c/fmtutil.cnf
fmtutil [INFO]: writing formats under c:/users/marce/appdata/roaming/tinytex/texmf-var/web2c
fmtutil [INFO]: --- remaking pdflatex with pdftex
fmtutil: running `pdftex -ini   -jobname=pdflatex -progname=pdflatex -translate-file=cp227.tcx *pdflatex.ini' ...
This is pdfTeX, Version 3.141592653-2.6-1.40.24 (TeX Live 2022) (INITEX)
 restricted \write18 enabled.
 (c:/Users/marce/AppData/Roaming/TinyTeX/texmf-dist/web2c/cp227.tcx)
entering extended mode
(c:/Users/marce/AppData/Roaming/TinyTeX/texmf-dist/tex/latex/latexconfig/pdflatex.ini (c:/Users/marce/AppData/Roaming/TinyTeX/texmf-dist/tex/generic/tex-ini-files/pdftexconfig.tex)
(c:/Users/marce/AppData/Roaming/TinyTeX/texmf-dist/tex/latex/base/latex.ltx (c:/Users/marce/AppData/Roaming/TinyTeX/texmf-dist/tex/latex/base/texsys.cfg)
./texsys.aux found


\@currdir set to: ./.


Assuming \openin and \input 
have the same search path.


Defining UNIX/DOS style filename parser.

catcodes, registers, parameters,
LaTeX2e <2021-11-15> patch level 1
(c:/Users/marce/AppData/Roaming/TinyTeX/texmf-dist/tex/latex/l3kernel/expl3.ltx (c:/Users/marce/AppData/Roaming/TinyTeX/texmf-dist/tex/latex/l3kernel/expl3-code.tex)) hacks, document commands, control, par, spacing, files, font encodings, lengths,
====================================

Local config file fonttext.cfg used

====================================
(c:/Users/marce/AppData/Roaming/TinyTeX/texmf-dist/tex/latex/base/fonttext.cfg (c:/Users/marce/AppData/Roaming/TinyTeX/texmf-dist/tex/latex/base/fonttext.ltx
=== Don't modify this file, use a .cfg file instead ===

(c:/Users/marce/AppData/Roaming/TinyTeX/texmf-dist/tex/latex/base/omlenc.def) (c:/Users/marce/AppData/Roaming/TinyTeX/texmf-dist/tex/latex/base/omsenc.def) (c:/Users/marce/AppData/Roaming/TinyTeX/texmf-dist/tex/latex/base/ot1enc.def) (c:/Users/marce/AppData/Roaming/TinyTeX/texmf-dist/tex/latex/base/t1enc.def) (c:/Users/marce/AppData/Roaming/TinyTeX/texmf-dist/tex/latex/base/ts1enc.def) (c:/Users/marce/AppData/Roaming/TinyTeX/texmf-dist/tex/latex/base/ts1cmr.fd) (c:/Users/marce/AppData/Roaming/TinyTeX/texmf-dist/tex/latex/base/t1cmr.fd) (c:/Users/marce/AppData/Roaming/TinyTeX/texmf-dist/tex/latex/base/ot1cmr.fd) (c:/Users/marce/AppData/Roaming/TinyTeX/texmf-dist/tex/latex/base/ot1cmss.fd) (c:/Users/marce/AppData/Roaming/TinyTeX/texmf-dist/tex/latex/base/ot1cmtt.fd)))
====================================

Local config file fontmath.cfg used

====================================
(c:/Users/marce/AppData/Roaming/TinyTeX/texmf-dist/tex/latex/base/fontmath.cfg (c:/Users/marce/AppData/Roaming/TinyTeX/texmf-dist/tex/latex/base/fontmath.ltx
=== Don't modify this file, use a .cfg file instead ===

(c:/Users/marce/AppData/Roaming/TinyTeX/texmf-dist/tex/latex/base/omlcmm.fd) (c:/Users/marce/AppData/Roaming/TinyTeX/texmf-dist/tex/latex/base/omscmsy.fd) (c:/Users/marce/AppData/Roaming/TinyTeX/texmf-dist/tex/latex/base/omxcmex.fd) (c:/Users/marce/AppData/Roaming/TinyTeX/texmf-dist/tex/latex/base/ucmr.fd)))
====================================

Local config file preload.cfg used

=====================================
(c:/Users/marce/AppData/Roaming/TinyTeX/texmf-dist/tex/latex/base/preload.cfg (c:/Users/marce/AppData/Roaming/TinyTeX/texmf-dist/tex/latex/base/preload.ltx)) page nos., x-ref, environments, center, verbatim, math definitions, boxes, title, sectioning, contents, floats, footnotes, index, bibliography, output,
===========================================
Local configuration file hyphen.cfg used
===========================================
(c:/Users/marce/AppData/Roaming/TinyTeX/texmf-dist/tex/generic/babel/hyphen.cfg (c:/Users/marce/AppData/Roaming/TinyTeX/texmf-dist/tex/generic/hyphen/hyphen.tex) (c:/Users/marce/AppData/Roaming/TinyTeX/texmf-dist/tex/generic/hyphen/dumyhyph.tex) (c:/Users/marce/AppData/Roaming/TinyTeX/texmf-dist/tex/generic/hyphen/zerohyph.tex)) (c:/Users/marce/AppData/Roaming/TinyTeX/texmf-dist/tex/generic/pdftex/glyphtounicode.tex) (c:/Users/marce/AppData/Roaming/TinyTeX/texmf-dist/tex/latex/base/utf8.def (c:/Users/marce/AppData/Roaming/TinyTeX/texmf-dist/tex/latex/base/omsenc.dfu) (c:/Users/marce/AppData/Roaming/TinyTeX/texmf-dist/tex/latex/base/ot1enc.dfu) (c:/Users/marce/AppData/Roaming/TinyTeX/texmf-dist/tex/latex/base/t1enc.dfu) (c:/Users/marce/AppData/Roaming/TinyTeX/texmf-dist/tex/latex/base/ts1enc.dfu)) (c:/Users/marce/AppData/Roaming/TinyTeX/texmf-dist/tex/latex/firstaid/latex2e-first-aid-for-external-files.ltx)
 ) )
Beginning to dump on file pdflatex.fmt
 (preloaded format=pdflatex 2022.4.23)
19807 strings of total length 358439
284075 memory locations dumped; current usage is 165&282346
18096 multiletter control sequences
\font\nullfont=nullfont
\font\c__fp_exp_intarray=cmr10 at 0.00002pt
\font\c__fp_trig_intarray=cmr10 at 0.00003pt
\font\c_initex_cctab=cmr10 at 0.00005pt
\font\c_other_cctab=cmr10 at 0.00006pt
\font\c_str_cctab=cmr10 at 0.00008pt
\font\g__regex_state_active_intarray=cmr10 at 0.00009pt
\font\g__regex_thread_info_intarray=cmr10 at 0.0001pt
\font\g__regex_submatch_prev_intarray=cmr10 at 0.00012pt
\font\g__regex_submatch_begin_intarray=cmr10 at 0.00014pt
\font\g__regex_submatch_end_intarray=cmr10 at 0.00015pt
\font\g__regex_submatch_case_intarray=cmr10 at 0.00017pt
\font\g__regex_balance_intarray=cmr10 at 0.00018pt
\font\OMX/cmex/m/n/10=cmex10
\font\tenln=line10
\font\tenlnw=linew10
\font\tencirc=lcircle10
\font\tencircw=lcirclew10
\font\OT1/cmr/m/n/5=cmr5
\font\OT1/cmr/m/n/7=cmr7
\font\OT1/cmr/m/n/10=cmr10
\font\OML/cmm/m/it/5=cmmi5
\font\OML/cmm/m/it/7=cmmi7
\font\OML/cmm/m/it/10=cmmi10
\font\OMS/cmsy/m/n/5=cmsy5
\font\OMS/cmsy/m/n/7=cmsy7
\font\OMS/cmsy/m/n/10=cmsy10
\font\c_code_cctab=cmr10 at 0.0002pt
\font\c_document_cctab=cmr10 at 0.00021pt
469252 words of font info for 28 preloaded fonts
14 hyphenation exceptions
Hyphenation trie of length 6081 has 183 ops out of 35111
  2 for language 1
  181 for language 0
0 words of pdfTeX memory
0 indirect objects
No pages of output.
Transcript written on pdflatex.log.
fmtutil [INFO]: log file copied to: c:/users/marce/appdata/roaming/tinytex/texmf-var/web2c/pdftex/pdflatex.log
fmtutil [INFO]: c:/users/marce/appdata/roaming/tinytex/texmf-var/web2c/pdftex/pdflatex.fmt installed.
fmtutil [INFO]: successfully rebuilt formats: 1
fmtutil [INFO]: not selected formats: 13
fmtutil [INFO]: total formats: 14
fmtutil [INFO]: exiting with status 0
--end of output of fmtutil-sys --byfmt pdflatex --no-error-if-no-engine=luajithbtex,luajittex,mfluajit --status-file=C:\Users\marce\AppData\Local\Temp\qUY5qHFpwJ\l2tmYqp1qs.

[Sat Apr 23 17:23:00 2022]   OK: pdflatex.fmt/pdftex
[Sat Apr 23 17:23:00 2022] running fmtutil-sys --byfmt dvilualatex --no-error-if-no-engine=luajithbtex,luajittex,mfluajit --status-file=C:\Users\marce\AppData\Local\Temp\qUY5qHFpwJ\l2tmYqp1qs
[Sat Apr 23 17:23:04 2022] success, output:
fmtutil: fmtutil is using the following fmtutil.cnf files (in precedence order):
fmtutil:   c:/users/marce/appdata/roaming/tinytex/texmf-dist/web2c/fmtutil.cnf
fmtutil: fmtutil is using the following fmtutil.cnf file for writing changes:
fmtutil:   c:/users/marce/appdata/roaming/tinytex/texmf-config/web2c/fmtutil.cnf
fmtutil [INFO]: writing formats under c:/users/marce/appdata/roaming/tinytex/texmf-var/web2c
fmtutil [INFO]: --- remaking dvilualatex with luatex
fmtutil: running `luatex -ini   -jobname=dvilualatex -progname=dvilualatex dvilualatex.ini' ...
This is LuaTeX, Version 1.15.0 (TeX Live 2022)  (INITEX)
 restricted system commands enabled.
(c:/Users/marce/AppData/Roaming/TinyTeX/texmf-dist/tex/generic/tex-ini-files/dvilualatex.ini (c:/Users/marce/AppData/Roaming/TinyTeX/texmf-dist/tex/generic/tex-ini-files/lualatex.ini (c:/Users/marce/AppData/Roaming/TinyTeX/texmf-dist/tex/generic/tex-ini-files/luatexconfig.tex (c:/Users/marce/AppData/Roaming/TinyTeX/texmf-dist/tex/generic/tex-ini-files/pdftexconfig.tex)) (c:/Users/marce/AppData/Roaming/TinyTeX/texmf-dist/tex/latex/base/latex.ltx (c:/Users/marce/AppData/Roaming/TinyTeX/texmf-dist/tex/latex/base/texsys.cfg)
./texsys.aux found


\@currdir set to: ./.


Assuming \openin and \input 
have the same search path.


Defining UNIX/DOS style filename parser.

catcodes, registers, parameters,
LaTeX2e <2021-11-15> patch level 1
(c:/Users/marce/AppData/Roaming/TinyTeX/texmf-dist/tex/latex/l3kernel/expl3.ltx (c:/Users/marce/AppData/Roaming/TinyTeX/texmf-dist/tex/latex/l3kernel/expl3-code.tex)) hacks, document commands, control, par, spacing, files, font encodings, lengths,
====================================

Local config file fonttext.cfg used

====================================
(c:/Users/marce/AppData/Roaming/TinyTeX/texmf-dist/tex/latex/base/fonttext.cfg (c:/Users/marce/AppData/Roaming/TinyTeX/texmf-dist/tex/latex/base/fonttext.ltx
=== Don't modify this file, use a .cfg file instead ===

(c:/Users/marce/AppData/Roaming/TinyTeX/texmf-dist/tex/latex/base/omlenc.def) (c:/Users/marce/AppData/Roaming/TinyTeX/texmf-dist/tex/latex/base/omsenc.def) (c:/Users/marce/AppData/Roaming/TinyTeX/texmf-dist/tex/latex/base/ot1enc.def) (c:/Users/marce/AppData/Roaming/TinyTeX/texmf-dist/tex/latex/base/t1enc.def) (c:/Users/marce/AppData/Roaming/TinyTeX/texmf-dist/tex/latex/base/ts1enc.def) (c:/Users/marce/AppData/Roaming/TinyTeX/texmf-dist/tex/latex/base/tuenc.def) (c:/Users/marce/AppData/Roaming/TinyTeX/texmf-dist/tex/latex/base/tulmr.fd) (c:/Users/marce/AppData/Roaming/TinyTeX/texmf-dist/tex/latex/base/tulmss.fd) (c:/Users/marce/AppData/Roaming/TinyTeX/texmf-dist/tex/latex/base/tulmtt.fd) (c:/Users/marce/AppData/Roaming/TinyTeX/texmf-dist/tex/latex/lm/ts1lmr.fd) (c:/Users/marce/AppData/Roaming/TinyTeX/texmf-dist/tex/latex/base/t1cmr.fd) (c:/Users/marce/AppData/Roaming/TinyTeX/texmf-dist/tex/latex/base/ot1cmr.fd) (c:/Users/marce/AppData/Roaming/TinyTeX/texmf-dist/tex/latex/base/ot1cmss.fd) (c:/Users/marce/AppData/Roaming/TinyTeX/texmf-dist/tex/latex/base/ot1cmtt.fd)))
====================================

Local config file fontmath.cfg used

====================================
(c:/Users/marce/AppData/Roaming/TinyTeX/texmf-dist/tex/latex/base/fontmath.cfg (c:/Users/marce/AppData/Roaming/TinyTeX/texmf-dist/tex/latex/base/fontmath.ltx
=== Don't modify this file, use a .cfg file instead ===

(c:/Users/marce/AppData/Roaming/TinyTeX/texmf-dist/tex/latex/base/omlcmm.fd) (c:/Users/marce/AppData/Roaming/TinyTeX/texmf-dist/tex/latex/base/omscmsy.fd) (c:/Users/marce/AppData/Roaming/TinyTeX/texmf-dist/tex/latex/base/omxcmex.fd) (c:/Users/marce/AppData/Roaming/TinyTeX/texmf-dist/tex/latex/base/ucmr.fd)))
====================================

Local config file preload.cfg used

=====================================
(c:/Users/marce/AppData/Roaming/TinyTeX/texmf-dist/tex/latex/base/preload.cfg (c:/Users/marce/AppData/Roaming/TinyTeX/texmf-dist/tex/latex/base/preload.ltx)) page nos., x-ref, environments, center, verbatim, math definitions, boxes, title, sectioning, contents, floats, footnotes, index, bibliography, output,  Unicode character data, (c:/Users/marce/AppData/Roaming/TinyTeX/texmf-dist/tex/generic/unicode-data/load-unicode-data.tex 
load-unicode-data.tex v1.15 (2021-09-15)
Reading Unicode data
# UnicodeData-14.0.0.txt
# Modified 2021-09-15 11:00:00 GMT [JAW]
)
===========================================
Local configuration file hyphen.cfg used
===========================================
(c:/Users/marce/AppData/Roaming/TinyTeX/texmf-dist/tex/generic/babel/hyphen.cfg (c:/Users/marce/AppData/Roaming/TinyTeX/texmf-dist/tex/generic/babel/luababel.def) (c:/Users/marce/AppData/Roaming/TinyTeX/texmf-dist/tex/generic/hyphen/hyphen.tex)) (c:/Users/marce/AppData/Roaming/TinyTeX/texmf-dist/tex/latex/firstaid/latex2e-first-aid-for-external-files.ltx)
)))
Beginning to dump on file dvilualatex.fmt
 (format=dvilualatex 2022.4.23)
22245 strings using 364947 bytes
687007 memory locations dumped; current usage is 204&317563
20861 multiletter control sequences
\font\nullfont=nullfont
\font\OMX/cmex/m/n/10=cmex10
\font\tenln=line10
\font\tenlnw=linew10
\font\tencirc=lcircle10
\font\tencircw=lcirclew10
\font\OT1/cmr/m/n/5=cmr5
\font\OT1/cmr/m/n/7=cmr7
\font\OT1/cmr/m/n/10=cmr10
\font\OML/cmm/m/it/5=cmmi5
\font\OML/cmm/m/it/7=cmmi7
\font\OML/cmm/m/it/10=cmmi10
\font\OMS/cmsy/m/n/5=cmsy5
\font\OMS/cmsy/m/n/7=cmsy7
\font\OMS/cmsy/m/n/10=cmsy10
14 preloaded fonts
No pages of output.
Transcript written on dvilualatex.log.
fmtutil [INFO]: log file copied to: c:/users/marce/appdata/roaming/tinytex/texmf-var/web2c/luatex/dvilualatex.log
fmtutil [INFO]: c:/users/marce/appdata/roaming/tinytex/texmf-var/web2c/luatex/dvilualatex.fmt installed.
fmtutil [INFO]: successfully rebuilt formats: 1
fmtutil [INFO]: not selected formats: 13
fmtutil [INFO]: total formats: 14
fmtutil [INFO]: exiting with status 0
--end of output of fmtutil-sys --byfmt dvilualatex --no-error-if-no-engine=luajithbtex,luajittex,mfluajit --status-file=C:\Users\marce\AppData\Local\Temp\qUY5qHFpwJ\l2tmYqp1qs.

[Sat Apr 23 17:23:04 2022]   OK: pdflatex.fmt/pdftex dvilualatex.fmt/luatex
[Sat Apr 23 17:23:04 2022] running fmtutil-sys --byfmt lualatex --no-error-if-no-engine=luajithbtex,luajittex,mfluajit --status-file=C:\Users\marce\AppData\Local\Temp\qUY5qHFpwJ\l2tmYqp1qs
[Sat Apr 23 17:23:09 2022] success, output:
fmtutil: fmtutil is using the following fmtutil.cnf files (in precedence order):
fmtutil:   c:/users/marce/appdata/roaming/tinytex/texmf-dist/web2c/fmtutil.cnf
fmtutil: fmtutil is using the following fmtutil.cnf file for writing changes:
fmtutil:   c:/users/marce/appdata/roaming/tinytex/texmf-config/web2c/fmtutil.cnf
fmtutil [INFO]: writing formats under c:/users/marce/appdata/roaming/tinytex/texmf-var/web2c
fmtutil [INFO]: --- remaking lualatex with luahbtex
fmtutil: running `luahbtex -ini   -jobname=lualatex -progname=lualatex lualatex.ini' ...
This is LuaHBTeX, Version 1.15.0 (TeX Live 2022)  (INITEX)
 restricted system commands enabled.
(c:/Users/marce/AppData/Roaming/TinyTeX/texmf-dist/tex/generic/tex-ini-files/lualatex.ini (c:/Users/marce/AppData/Roaming/TinyTeX/texmf-dist/tex/generic/tex-ini-files/luatexconfig.tex (c:/Users/marce/AppData/Roaming/TinyTeX/texmf-dist/tex/generic/tex-ini-files/pdftexconfig.tex)) (c:/Users/marce/AppData/Roaming/TinyTeX/texmf-dist/tex/latex/base/latex.ltx (c:/Users/marce/AppData/Roaming/TinyTeX/texmf-dist/tex/latex/base/texsys.cfg)
./texsys.aux found


\@currdir set to: ./.


Assuming \openin and \input 
have the same search path.


Defining UNIX/DOS style filename parser.

catcodes, registers, parameters,
LaTeX2e <2021-11-15> patch level 1
(c:/Users/marce/AppData/Roaming/TinyTeX/texmf-dist/tex/latex/l3kernel/expl3.ltx (c:/Users/marce/AppData/Roaming/TinyTeX/texmf-dist/tex/latex/l3kernel/expl3-code.tex)) hacks, document commands, control, par, spacing, files, font encodings, lengths,
====================================

Local config file fonttext.cfg used

====================================
(c:/Users/marce/AppData/Roaming/TinyTeX/texmf-dist/tex/latex/base/fonttext.cfg (c:/Users/marce/AppData/Roaming/TinyTeX/texmf-dist/tex/latex/base/fonttext.ltx
=== Don't modify this file, use a .cfg file instead ===

(c:/Users/marce/AppData/Roaming/TinyTeX/texmf-dist/tex/latex/base/omlenc.def) (c:/Users/marce/AppData/Roaming/TinyTeX/texmf-dist/tex/latex/base/omsenc.def) (c:/Users/marce/AppData/Roaming/TinyTeX/texmf-dist/tex/latex/base/ot1enc.def) (c:/Users/marce/AppData/Roaming/TinyTeX/texmf-dist/tex/latex/base/t1enc.def) (c:/Users/marce/AppData/Roaming/TinyTeX/texmf-dist/tex/latex/base/ts1enc.def) (c:/Users/marce/AppData/Roaming/TinyTeX/texmf-dist/tex/latex/base/tuenc.def) (c:/Users/marce/AppData/Roaming/TinyTeX/texmf-dist/tex/latex/base/tulmr.fd) (c:/Users/marce/AppData/Roaming/TinyTeX/texmf-dist/tex/latex/base/tulmss.fd) (c:/Users/marce/AppData/Roaming/TinyTeX/texmf-dist/tex/latex/base/tulmtt.fd) (c:/Users/marce/AppData/Roaming/TinyTeX/texmf-dist/tex/latex/lm/ts1lmr.fd) (c:/Users/marce/AppData/Roaming/TinyTeX/texmf-dist/tex/latex/base/t1cmr.fd) (c:/Users/marce/AppData/Roaming/TinyTeX/texmf-dist/tex/latex/base/ot1cmr.fd) (c:/Users/marce/AppData/Roaming/TinyTeX/texmf-dist/tex/latex/base/ot1cmss.fd) (c:/Users/marce/AppData/Roaming/TinyTeX/texmf-dist/tex/latex/base/ot1cmtt.fd)))
====================================

Local config file fontmath.cfg used

====================================
(c:/Users/marce/AppData/Roaming/TinyTeX/texmf-dist/tex/latex/base/fontmath.cfg (c:/Users/marce/AppData/Roaming/TinyTeX/texmf-dist/tex/latex/base/fontmath.ltx
=== Don't modify this file, use a .cfg file instead ===

(c:/Users/marce/AppData/Roaming/TinyTeX/texmf-dist/tex/latex/base/omlcmm.fd) (c:/Users/marce/AppData/Roaming/TinyTeX/texmf-dist/tex/latex/base/omscmsy.fd) (c:/Users/marce/AppData/Roaming/TinyTeX/texmf-dist/tex/latex/base/omxcmex.fd) (c:/Users/marce/AppData/Roaming/TinyTeX/texmf-dist/tex/latex/base/ucmr.fd)))
====================================

Local config file preload.cfg used

=====================================
(c:/Users/marce/AppData/Roaming/TinyTeX/texmf-dist/tex/latex/base/preload.cfg (c:/Users/marce/AppData/Roaming/TinyTeX/texmf-dist/tex/latex/base/preload.ltx)) page nos., x-ref, environments, center, verbatim, math definitions, boxes, title, sectioning, contents, floats, footnotes, index, bibliography, output,  Unicode character data, (c:/Users/marce/AppData/Roaming/TinyTeX/texmf-dist/tex/generic/unicode-data/load-unicode-data.tex 
load-unicode-data.tex v1.15 (2021-09-15)
Reading Unicode data
# UnicodeData-14.0.0.txt
# Modified 2021-09-15 11:00:00 GMT [JAW]
)
===========================================
Local configuration file hyphen.cfg used
===========================================
(c:/Users/marce/AppData/Roaming/TinyTeX/texmf-dist/tex/generic/babel/hyphen.cfg (c:/Users/marce/AppData/Roaming/TinyTeX/texmf-dist/tex/generic/babel/luababel.def) (c:/Users/marce/AppData/Roaming/TinyTeX/texmf-dist/tex/generic/hyphen/hyphen.tex)) (c:/Users/marce/AppData/Roaming/TinyTeX/texmf-dist/tex/latex/firstaid/latex2e-first-aid-for-external-files.ltx)
))
Beginning to dump on file lualatex.fmt
 (format=lualatex 2022.4.23)
22240 strings using 364923 bytes
686983 memory locations dumped; current usage is 204&317563
20861 multiletter control sequences
\font\nullfont=nullfont
\font\OMX/cmex/m/n/10=cmex10
\font\tenln=line10
\font\tenlnw=linew10
\font\tencirc=lcircle10
\font\tencircw=lcirclew10
\font\OT1/cmr/m/n/5=cmr5
\font\OT1/cmr/m/n/7=cmr7
\font\OT1/cmr/m/n/10=cmr10
\font\OML/cmm/m/it/5=cmmi5
\font\OML/cmm/m/it/7=cmmi7
\font\OML/cmm/m/it/10=cmmi10
\font\OMS/cmsy/m/n/5=cmsy5
\font\OMS/cmsy/m/n/7=cmsy7
\font\OMS/cmsy/m/n/10=cmsy10
14 preloaded fonts
warning  (pdf backend): no pages of output.
Transcript written on lualatex.log.
fmtutil [INFO]: log file copied to: c:/users/marce/appdata/roaming/tinytex/texmf-var/web2c/luahbtex/lualatex.log
fmtutil [INFO]: c:/users/marce/appdata/roaming/tinytex/texmf-var/web2c/luahbtex/lualatex.fmt installed.
fmtutil [INFO]: successfully rebuilt formats: 1
fmtutil [INFO]: not selected formats: 13
fmtutil [INFO]: total formats: 14
fmtutil [INFO]: exiting with status 0
--end of output of fmtutil-sys --byfmt lualatex --no-error-if-no-engine=luajithbtex,luajittex,mfluajit --status-file=C:\Users\marce\AppData\Local\Temp\qUY5qHFpwJ\l2tmYqp1qs.

[Sat Apr 23 17:23:09 2022]   OK: pdflatex.fmt/pdftex dvilualatex.fmt/luatex lualatex.fmt/luahbtex
[Sat Apr 23 17:23:09 2022] running fmtutil-sys --byfmt xelatex --no-error-if-no-engine=luajithbtex,luajittex,mfluajit --status-file=C:\Users\marce\AppData\Local\Temp\qUY5qHFpwJ\l2tmYqp1qs
[Sat Apr 23 17:23:12 2022] success, output:
fmtutil: fmtutil is using the following fmtutil.cnf files (in precedence order):
fmtutil:   c:/users/marce/appdata/roaming/tinytex/texmf-dist/web2c/fmtutil.cnf
fmtutil: fmtutil is using the following fmtutil.cnf file for writing changes:
fmtutil:   c:/users/marce/appdata/roaming/tinytex/texmf-config/web2c/fmtutil.cnf
fmtutil [INFO]: writing formats under c:/users/marce/appdata/roaming/tinytex/texmf-var/web2c
fmtutil [INFO]: --- remaking xelatex with xetex
fmtutil: running `xetex -ini   -jobname=xelatex -progname=xelatex -etex xelatex.ini' ...
This is XeTeX, Version 3.141592653-2.6-0.999994 (TeX Live 2022) (INITEX)
 restricted \write18 enabled.
entering extended mode
(c:/Users/marce/AppData/Roaming/TinyTeX/texmf-dist/tex/generic/tex-ini-files/xelatex.ini (c:/Users/marce/AppData/Roaming/TinyTeX/texmf-dist/tex/latex/base/latex.ltx (c:/Users/marce/AppData/Roaming/TinyTeX/texmf-dist/tex/latex/base/texsys.cfg)
./texsys.aux found


\@currdir set to: ./.


Assuming \openin and \input 
have the same search path.


Defining UNIX/DOS style filename parser.

catcodes, registers, parameters,
LaTeX2e <2021-11-15> patch level 1
(c:/Users/marce/AppData/Roaming/TinyTeX/texmf-dist/tex/latex/l3kernel/expl3.ltx (c:/Users/marce/AppData/Roaming/TinyTeX/texmf-dist/tex/latex/l3kernel/expl3-code.tex)) hacks, document commands, control, par, spacing, files, font encodings, lengths,
====================================

Local config file fonttext.cfg used

====================================
(c:/Users/marce/AppData/Roaming/TinyTeX/texmf-dist/tex/latex/base/fonttext.cfg (c:/Users/marce/AppData/Roaming/TinyTeX/texmf-dist/tex/latex/base/fonttext.ltx
=== Don't modify this file, use a .cfg file instead ===

(c:/Users/marce/AppData/Roaming/TinyTeX/texmf-dist/tex/latex/base/omlenc.def) (c:/Users/marce/AppData/Roaming/TinyTeX/texmf-dist/tex/latex/base/omsenc.def) (c:/Users/marce/AppData/Roaming/TinyTeX/texmf-dist/tex/latex/base/ot1enc.def) (c:/Users/marce/AppData/Roaming/TinyTeX/texmf-dist/tex/latex/base/t1enc.def) (c:/Users/marce/AppData/Roaming/TinyTeX/texmf-dist/tex/latex/base/ts1enc.def) (c:/Users/marce/AppData/Roaming/TinyTeX/texmf-dist/tex/latex/base/tuenc.def) (c:/Users/marce/AppData/Roaming/TinyTeX/texmf-dist/tex/latex/base/tulmr.fd) (c:/Users/marce/AppData/Roaming/TinyTeX/texmf-dist/tex/latex/base/tulmss.fd) (c:/Users/marce/AppData/Roaming/TinyTeX/texmf-dist/tex/latex/base/tulmtt.fd) (c:/Users/marce/AppData/Roaming/TinyTeX/texmf-dist/tex/latex/lm/ts1lmr.fd) (c:/Users/marce/AppData/Roaming/TinyTeX/texmf-dist/tex/latex/base/t1cmr.fd) (c:/Users/marce/AppData/Roaming/TinyTeX/texmf-dist/tex/latex/base/ot1cmr.fd) (c:/Users/marce/AppData/Roaming/TinyTeX/texmf-dist/tex/latex/base/ot1cmss.fd) (c:/Users/marce/AppData/Roaming/TinyTeX/texmf-dist/tex/latex/base/ot1cmtt.fd)))
====================================

Local config file fontmath.cfg used

====================================
(c:/Users/marce/AppData/Roaming/TinyTeX/texmf-dist/tex/latex/base/fontmath.cfg (c:/Users/marce/AppData/Roaming/TinyTeX/texmf-dist/tex/latex/base/fontmath.ltx
=== Don't modify this file, use a .cfg file instead ===

(c:/Users/marce/AppData/Roaming/TinyTeX/texmf-dist/tex/latex/base/omlcmm.fd) (c:/Users/marce/AppData/Roaming/TinyTeX/texmf-dist/tex/latex/base/omscmsy.fd) (c:/Users/marce/AppData/Roaming/TinyTeX/texmf-dist/tex/latex/base/omxcmex.fd) (c:/Users/marce/AppData/Roaming/TinyTeX/texmf-dist/tex/latex/base/ucmr.fd)))
====================================

Local config file preload.cfg used

=====================================
(c:/Users/marce/AppData/Roaming/TinyTeX/texmf-dist/tex/latex/base/preload.cfg (c:/Users/marce/AppData/Roaming/TinyTeX/texmf-dist/tex/latex/base/preload.ltx)) page nos., x-ref, environments, center, verbatim, math definitions, boxes, title, sectioning, contents, floats, footnotes, index, bibliography, output,  Unicode character data, (c:/Users/marce/AppData/Roaming/TinyTeX/texmf-dist/tex/generic/unicode-data/load-unicode-data.tex 
load-unicode-data.tex v1.15 (2021-09-15)
Reading Unicode data
# UnicodeData-14.0.0.txt
# Modified 2021-09-15 11:00:00 GMT [JAW]
)
===========================================
Local configuration file hyphen.cfg used
===========================================
(c:/Users/marce/AppData/Roaming/TinyTeX/texmf-dist/tex/generic/babel/hyphen.cfg (c:/Users/marce/AppData/Roaming/TinyTeX/texmf-dist/tex/generic/babel/xebabel.def) (c:/Users/marce/AppData/Roaming/TinyTeX/texmf-dist/tex/generic/hyphen/hyphen.tex) (c:/Users/marce/AppData/Roaming/TinyTeX/texmf-dist/tex/generic/hyphen/dumyhyph.tex) (c:/Users/marce/AppData/Roaming/TinyTeX/texmf-dist/tex/generic/hyphen/zerohyph.tex)) (c:/Users/marce/AppData/Roaming/TinyTeX/texmf-dist/tex/latex/firstaid/latex2e-first-aid-for-external-files.ltx)
 ) )
Beginning to dump on file xelatex.fmt
 (preloaded format=xelatex 2022.4.23)
87386 strings of total length 397543
289846 memory locations dumped; current usage is 299&287981
20753 multiletter control sequences
\font\nullfont=nullfont
\font\c__fp_exp_intarray=cmr10 at 0.00002pt
\font\c__fp_trig_intarray=cmr10 at 0.00003pt
\font\c_initex_cctab=cmr10 at 0.00005pt
\font\c_other_cctab=cmr10 at 0.00006pt
\font\c_str_cctab=cmr10 at 0.00008pt
\font\g__regex_state_active_intarray=cmr10 at 0.00009pt
\font\g__regex_thread_info_intarray=cmr10 at 0.0001pt
\font\g__regex_submatch_prev_intarray=cmr10 at 0.00012pt
\font\g__regex_submatch_begin_intarray=cmr10 at 0.00014pt
\font\g__regex_submatch_end_intarray=cmr10 at 0.00015pt
\font\g__regex_submatch_case_intarray=cmr10 at 0.00017pt
\font\g__regex_balance_intarray=cmr10 at 0.00018pt
\font\OMX/cmex/m/n/10=cmex10
\font\tenln=line10
\font\tenlnw=linew10
\font\tencirc=lcircle10
\font\tencircw=lcirclew10
\font\OT1/cmr/m/n/5=cmr5
\font\OT1/cmr/m/n/7=cmr7
\font\OT1/cmr/m/n/10=cmr10
\font\OML/cmm/m/it/5=cmmi5
\font\OML/cmm/m/it/7=cmmi7
\font\OML/cmm/m/it/10=cmmi10
\font\OMS/cmsy/m/n/5=cmsy5
\font\OMS/cmsy/m/n/7=cmsy7
\font\OMS/cmsy/m/n/10=cmsy10
\font\c_code_cctab=cmr10 at 0.0002pt
\font\c_document_cctab=cmr10 at 0.00021pt
469252 words of font info for 28 preloaded fonts
14 hyphenation exceptions
Hyphenation trie of length 6082 has 183 ops out of 35111
  2 for language 1
  181 for language 0
No pages of output.
Transcript written on xelatex.log.
fmtutil [INFO]: log file copied to: c:/users/marce/appdata/roaming/tinytex/texmf-var/web2c/xetex/xelatex.log
fmtutil [INFO]: c:/users/marce/appdata/roaming/tinytex/texmf-var/web2c/xetex/xelatex.fmt installed.
fmtutil [INFO]: successfully rebuilt formats: 1
fmtutil [INFO]: not selected formats: 13
fmtutil [INFO]: total formats: 14
fmtutil [INFO]: exiting with status 0
--end of output of fmtutil-sys --byfmt xelatex --no-error-if-no-engine=luajithbtex,luajittex,mfluajit --status-file=C:\Users\marce\AppData\Local\Temp\qUY5qHFpwJ\l2tmYqp1qs.

[Sat Apr 23 17:23:12 2022]   OK: pdflatex.fmt/pdftex dvilualatex.fmt/luatex lualatex.fmt/luahbtex xelatex.fmt/xetex
[Sat Apr 23 17:23:12 2022] running fmtutil-sys --byfmt latex --no-error-if-no-engine=luajithbtex,luajittex,mfluajit --status-file=C:\Users\marce\AppData\Local\Temp\qUY5qHFpwJ\l2tmYqp1qs
[Sat Apr 23 17:23:15 2022] success, output:
fmtutil: fmtutil is using the following fmtutil.cnf files (in precedence order):
fmtutil:   c:/users/marce/appdata/roaming/tinytex/texmf-dist/web2c/fmtutil.cnf
fmtutil: fmtutil is using the following fmtutil.cnf file for writing changes:
fmtutil:   c:/users/marce/appdata/roaming/tinytex/texmf-config/web2c/fmtutil.cnf
fmtutil [INFO]: writing formats under c:/users/marce/appdata/roaming/tinytex/texmf-var/web2c
fmtutil [INFO]: --- remaking latex with pdftex
fmtutil: running `pdftex -ini   -jobname=latex -progname=latex -translate-file=cp227.tcx *latex.ini' ...
This is pdfTeX, Version 3.141592653-2.6-1.40.24 (TeX Live 2022) (INITEX)
 restricted \write18 enabled.
 (c:/Users/marce/AppData/Roaming/TinyTeX/texmf-dist/web2c/cp227.tcx)
entering extended mode
(c:/Users/marce/AppData/Roaming/TinyTeX/texmf-dist/tex/latex/latexconfig/latex.ini (c:/Users/marce/AppData/Roaming/TinyTeX/texmf-dist/tex/generic/tex-ini-files/pdftexconfig.tex)
(c:/Users/marce/AppData/Roaming/TinyTeX/texmf-dist/tex/latex/base/latex.ltx (c:/Users/marce/AppData/Roaming/TinyTeX/texmf-dist/tex/latex/base/texsys.cfg)
./texsys.aux found


\@currdir set to: ./.


Assuming \openin and \input 
have the same search path.


Defining UNIX/DOS style filename parser.

catcodes, registers, parameters,
LaTeX2e <2021-11-15> patch level 1
(c:/Users/marce/AppData/Roaming/TinyTeX/texmf-dist/tex/latex/l3kernel/expl3.ltx (c:/Users/marce/AppData/Roaming/TinyTeX/texmf-dist/tex/latex/l3kernel/expl3-code.tex)) hacks, document commands, control, par, spacing, files, font encodings, lengths,
====================================

Local config file fonttext.cfg used

====================================
(c:/Users/marce/AppData/Roaming/TinyTeX/texmf-dist/tex/latex/base/fonttext.cfg (c:/Users/marce/AppData/Roaming/TinyTeX/texmf-dist/tex/latex/base/fonttext.ltx
=== Don't modify this file, use a .cfg file instead ===

(c:/Users/marce/AppData/Roaming/TinyTeX/texmf-dist/tex/latex/base/omlenc.def) (c:/Users/marce/AppData/Roaming/TinyTeX/texmf-dist/tex/latex/base/omsenc.def) (c:/Users/marce/AppData/Roaming/TinyTeX/texmf-dist/tex/latex/base/ot1enc.def) (c:/Users/marce/AppData/Roaming/TinyTeX/texmf-dist/tex/latex/base/t1enc.def) (c:/Users/marce/AppData/Roaming/TinyTeX/texmf-dist/tex/latex/base/ts1enc.def) (c:/Users/marce/AppData/Roaming/TinyTeX/texmf-dist/tex/latex/base/ts1cmr.fd) (c:/Users/marce/AppData/Roaming/TinyTeX/texmf-dist/tex/latex/base/t1cmr.fd) (c:/Users/marce/AppData/Roaming/TinyTeX/texmf-dist/tex/latex/base/ot1cmr.fd) (c:/Users/marce/AppData/Roaming/TinyTeX/texmf-dist/tex/latex/base/ot1cmss.fd) (c:/Users/marce/AppData/Roaming/TinyTeX/texmf-dist/tex/latex/base/ot1cmtt.fd)))
====================================

Local config file fontmath.cfg used

====================================
(c:/Users/marce/AppData/Roaming/TinyTeX/texmf-dist/tex/latex/base/fontmath.cfg (c:/Users/marce/AppData/Roaming/TinyTeX/texmf-dist/tex/latex/base/fontmath.ltx
=== Don't modify this file, use a .cfg file instead ===

(c:/Users/marce/AppData/Roaming/TinyTeX/texmf-dist/tex/latex/base/omlcmm.fd) (c:/Users/marce/AppData/Roaming/TinyTeX/texmf-dist/tex/latex/base/omscmsy.fd) (c:/Users/marce/AppData/Roaming/TinyTeX/texmf-dist/tex/latex/base/omxcmex.fd) (c:/Users/marce/AppData/Roaming/TinyTeX/texmf-dist/tex/latex/base/ucmr.fd)))
====================================

Local config file preload.cfg used

=====================================
(c:/Users/marce/AppData/Roaming/TinyTeX/texmf-dist/tex/latex/base/preload.cfg (c:/Users/marce/AppData/Roaming/TinyTeX/texmf-dist/tex/latex/base/preload.ltx)) page nos., x-ref, environments, center, verbatim, math definitions, boxes, title, sectioning, contents, floats, footnotes, index, bibliography, output,
===========================================
Local configuration file hyphen.cfg used
===========================================
(c:/Users/marce/AppData/Roaming/TinyTeX/texmf-dist/tex/generic/babel/hyphen.cfg (c:/Users/marce/AppData/Roaming/TinyTeX/texmf-dist/tex/generic/hyphen/hyphen.tex) (c:/Users/marce/AppData/Roaming/TinyTeX/texmf-dist/tex/generic/hyphen/dumyhyph.tex) (c:/Users/marce/AppData/Roaming/TinyTeX/texmf-dist/tex/generic/hyphen/zerohyph.tex)) (c:/Users/marce/AppData/Roaming/TinyTeX/texmf-dist/tex/generic/pdftex/glyphtounicode.tex) (c:/Users/marce/AppData/Roaming/TinyTeX/texmf-dist/tex/latex/base/utf8.def (c:/Users/marce/AppData/Roaming/TinyTeX/texmf-dist/tex/latex/base/omsenc.dfu) (c:/Users/marce/AppData/Roaming/TinyTeX/texmf-dist/tex/latex/base/ot1enc.dfu) (c:/Users/marce/AppData/Roaming/TinyTeX/texmf-dist/tex/latex/base/t1enc.dfu) (c:/Users/marce/AppData/Roaming/TinyTeX/texmf-dist/tex/latex/base/ts1enc.dfu)) (c:/Users/marce/AppData/Roaming/TinyTeX/texmf-dist/tex/latex/firstaid/latex2e-first-aid-for-external-files.ltx)
 ) )
Beginning to dump on file latex.fmt
 (preloaded format=latex 2022.4.23)
19806 strings of total length 358413
284069 memory locations dumped; current usage is 165&282340
18096 multiletter control sequences
\font\nullfont=nullfont
\font\c__fp_exp_intarray=cmr10 at 0.00002pt
\font\c__fp_trig_intarray=cmr10 at 0.00003pt
\font\c_initex_cctab=cmr10 at 0.00005pt
\font\c_other_cctab=cmr10 at 0.00006pt
\font\c_str_cctab=cmr10 at 0.00008pt
\font\g__regex_state_active_intarray=cmr10 at 0.00009pt
\font\g__regex_thread_info_intarray=cmr10 at 0.0001pt
\font\g__regex_submatch_prev_intarray=cmr10 at 0.00012pt
\font\g__regex_submatch_begin_intarray=cmr10 at 0.00014pt
\font\g__regex_submatch_end_intarray=cmr10 at 0.00015pt
\font\g__regex_submatch_case_intarray=cmr10 at 0.00017pt
\font\g__regex_balance_intarray=cmr10 at 0.00018pt
\font\OMX/cmex/m/n/10=cmex10
\font\tenln=line10
\font\tenlnw=linew10
\font\tencirc=lcircle10
\font\tencircw=lcirclew10
\font\OT1/cmr/m/n/5=cmr5
\font\OT1/cmr/m/n/7=cmr7
\font\OT1/cmr/m/n/10=cmr10
\font\OML/cmm/m/it/5=cmmi5
\font\OML/cmm/m/it/7=cmmi7
\font\OML/cmm/m/it/10=cmmi10
\font\OMS/cmsy/m/n/5=cmsy5
\font\OMS/cmsy/m/n/7=cmsy7
\font\OMS/cmsy/m/n/10=cmsy10
\font\c_code_cctab=cmr10 at 0.0002pt
\font\c_document_cctab=cmr10 at 0.00021pt
469252 words of font info for 28 preloaded fonts
14 hyphenation exceptions
Hyphenation trie of length 6081 has 183 ops out of 35111
  2 for language 1
  181 for language 0
0 words of pdfTeX memory
0 indirect objects
No pages of output.
Transcript written on latex.log.
fmtutil [INFO]: log file copied to: c:/users/marce/appdata/roaming/tinytex/texmf-var/web2c/pdftex/latex.log
fmtutil [INFO]: c:/users/marce/appdata/roaming/tinytex/texmf-var/web2c/pdftex/latex.fmt installed.
fmtutil [INFO]: successfully rebuilt formats: 1
fmtutil [INFO]: not selected formats: 13
fmtutil [INFO]: total formats: 14
fmtutil [INFO]: exiting with status 0
--end of output of fmtutil-sys --byfmt latex --no-error-if-no-engine=luajithbtex,luajittex,mfluajit --status-file=C:\Users\marce\AppData\Local\Temp\qUY5qHFpwJ\l2tmYqp1qs.

[Sat Apr 23 17:23:15 2022]   OK: pdflatex.fmt/pdftex dvilualatex.fmt/luatex lualatex.fmt/luahbtex xelatex.fmt/xetex latex.fmt/pdftex
[Fri Apr 29 22:32:28 2022] running mktexlsr
[Fri Apr 29 22:32:29 2022] success, output:
mktexlsr: Updating C:/Users/marce/AppData/Roaming/TinyTeX/texmf-local/ls-R...
mktexlsr: Updated C:/Users/marce/AppData/Roaming/TinyTeX/texmf-local/ls-R.
mktexlsr: Updating C:/Users/marce/AppData/Roaming/TinyTeX/texmf-config/ls-R...
mktexlsr: Updated C:/Users/marce/AppData/Roaming/TinyTeX/texmf-config/ls-R.
mktexlsr: Updating C:/Users/marce/AppData/Roaming/TinyTeX/texmf-var/ls-R...
mktexlsr: Updated C:/Users/marce/AppData/Roaming/TinyTeX/texmf-var/ls-R.
mktexlsr: Updating C:/Users/marce/AppData/Roaming/TinyTeX/texmf-dist/ls-R...
mktexlsr: Updated C:/Users/marce/AppData/Roaming/TinyTeX/texmf-dist/ls-R.
mktexlsr: Done.
--end of output of mktexlsr.

[Fri Apr 29 22:32:29 2022] running updmap-sys
[Fri Apr 29 22:32:31 2022] success, output:
updmap will read the following updmap.cfg files (in precedence order):
  c:/users/marce/appdata/roaming/tinytex/texmf-dist/web2c/updmap.cfg
updmap may write changes to the following updmap.cfg file:
  c:/users/marce/appdata/roaming/tinytex/texmf-config/web2c/updmap.cfg
dvips output dir: "c:/users/marce/appdata/roaming/tinytex/texmf-var/fonts/map/dvips/updmap"
pdftex output dir: "c:/users/marce/appdata/roaming/tinytex/texmf-var/fonts/map/pdftex/updmap"
dvipdfmx output dir: "c:/users/marce/appdata/roaming/tinytex/texmf-var/fonts/map/dvipdfmx/updmap"

updmap is creating new map files
using the following configuration:
  LW35 font names                  : URWkb (c:/users/marce/appdata/roaming/tinytex/texmf-dist/web2c/updmap.cfg)
  prefer outlines                  : true (c:/users/marce/appdata/roaming/tinytex/texmf-dist/web2c/updmap.cfg)
  texhash enabled                  : true
  download standard fonts (dvips)  : true (c:/users/marce/appdata/roaming/tinytex/texmf-dist/web2c/updmap.cfg)
  download standard fonts (pdftex) : true (c:/users/marce/appdata/roaming/tinytex/texmf-dist/web2c/updmap.cfg)
  jaEmbed replacement string       : haranoaji (c:/users/marce/appdata/roaming/tinytex/texmf-dist/web2c/updmap.cfg)
  jaVariant replacement string     : -04 (c:/users/marce/appdata/roaming/tinytex/texmf-dist/web2c/updmap.cfg)
  scEmbed replacement string       : arphic (c:/users/marce/appdata/roaming/tinytex/texmf-dist/web2c/updmap.cfg)
  tcEmbed replacement string       : arphic (c:/users/marce/appdata/roaming/tinytex/texmf-dist/web2c/updmap.cfg)
  koEmbed replacement string       : baekmuk (c:/users/marce/appdata/roaming/tinytex/texmf-dist/web2c/updmap.cfg)
  create a mapfile for pxdvi       : false (default)

Scanning for LW35 support files  [  3 files]
Scanning for MixedMap entries    [  7 files]
Scanning for KanjiMap entries    [  0 files]
Scanning for Map entries         [ 14 files]

Generating output for dvipdfmx...
Generating output for ps2pk...
Generating output for dvips...
Generating output for pdftex...

Files generated:
  c:/users/marce/appdata/roaming/tinytex/texmf-var/fonts/map/dvips/updmap:
       16083 2022-04-29 22:32:30 builtin35.map
       21557 2022-04-29 22:32:30 download35.map
       88195 2022-04-29 22:32:30 psfonts_pk.map
       94580 2022-04-29 22:32:30 psfonts_t1.map
       94575 2022-04-29 22:32:30 ps2pk.map
       94580 2022-04-29 22:32:30 psfonts.map = psfonts_t1.map
  c:/users/marce/appdata/roaming/tinytex/texmf-var/fonts/map/pdftex/updmap:
       94582 2022-04-29 22:32:30 pdftex_dl14.map
       92917 2022-04-29 22:32:30 pdftex_ndl14.map
       94582 2022-04-29 22:32:30 pdftex.map = pdftex_dl14.map
  c:/users/marce/appdata/roaming/tinytex/texmf-var/fonts/map/dvipdfmx/updmap:
         355 2022-04-29 22:32:30 kanjix.map

Transcript written on "c:/users/marce/appdata/roaming/tinytex/texmf-var/web2c/updmap.log".
updmap: Updating ls-R files.
--end of output of updmap-sys.

[Fri Apr 29 22:33:04 2022] running mktexlsr
[Fri Apr 29 22:33:05 2022] success, output:
mktexlsr: Updating C:/Users/marce/AppData/Roaming/TinyTeX/texmf-local/ls-R...
mktexlsr: Updated C:/Users/marce/AppData/Roaming/TinyTeX/texmf-local/ls-R.
mktexlsr: Updating C:/Users/marce/AppData/Roaming/TinyTeX/texmf-config/ls-R...
mktexlsr: Updated C:/Users/marce/AppData/Roaming/TinyTeX/texmf-config/ls-R.
mktexlsr: Updating C:/Users/marce/AppData/Roaming/TinyTeX/texmf-var/ls-R...
mktexlsr: Updated C:/Users/marce/AppData/Roaming/TinyTeX/texmf-var/ls-R.
mktexlsr: Updating C:/Users/marce/AppData/Roaming/TinyTeX/texmf-dist/ls-R...
mktexlsr: Updated C:/Users/marce/AppData/Roaming/TinyTeX/texmf-dist/ls-R.
mktexlsr: Done.
--end of output of mktexlsr.

