
D:\pessoal\articles\myriam\relatorio_analise>if [:doit] == [:doit] goto :doit 

D:\pessoal\articles\myriam\relatorio_analise>set prompt=TL$G 

TL>title TeX Live Manager 2022 Update 

TL>set PERL5LIB=C:/Users/marce/AppData/Roaming/TinyTeX/tlpkg/tlperl/lib 

TL>echo DO NOT CLOSE THIS WINDOW! 1>con 

TL>echo TeX Live infrastructure update in progress ... 1>con 

TL>echo Detailed command logging to "C:\Users\marce\AppData\Roaming\TinyTeX\temp\update-self.log" 1>con 

TL>pushd "C:\Users\marce\AppData\Roaming\TinyTeX\temp\.." 

TL>if not errorlevel 1 goto :update 

TL>for %I in (texlive.infra.tar) do (
temp\tar.exe -xmf temp\%I  
 if errorlevel 1 goto :rollback 
) 

TL>(
temp\tar.exe -xmf temp\texlive.infra.tar  
 if errorlevel 1 goto :rollback 
) 

TL>tlpkg\tlperl\bin\perl.exe .\texmf-dist\scripts\texlive\tlmgr.pl _include_tlpobj tlpkg\tlpobj\texlive.infra.tlpobj 

TL>if errorlevel 1 goto :rollback 

TL>echo [19/04/2022  9:53:32,44] self update: texlive.infra (62297 -> 63037) 1>>"C:/Users/marce/AppData/Roaming/TinyTeX/texmf-var/web2c/tlmgr.log" 

TL>echo self update: texlive.infra (62297 -> 63037) 1>con 

TL>del "C:\Users\marce\AppData\Roaming\TinyTeX\temp\*.tar" "C:\Users\marce\AppData\Roaming\TinyTeX\temp\tar.exe"  

TL>echo Infrastructure update finished successfully. 1>con 

TL>echo About to restart tlmgr to complete update ... 1>con 

TL>rem  1>con 

TL>popd

TL>exit /b 0 
